{
"contracts/ContractStorage.sol":{"l":{"36":0,"37":0,"38":0,"40":0,"49":0,"56":0,"71":0,"102":0,"103":0,"104":0,"105":0,"107":0,"109":0,"113":0,"117":0},"path":"/Users/den/Documents/dev/dfile/crypto/storage-protocol/contracts/ContractStorage.sol","s":{"1":0,"2":0,"3":0,"4":0,"5":0,"6":0,"7":0,"8":0,"9":0,"10":0,"11":0,"12":0,"13":0,"14":0,"15":0},"b":{"1":[0,0],"2":[0,0],"3":[0,0]},"f":{"1":0,"2":0,"3":0,"4":0,"5":0,"6":0,"7":0},"fnMap":{"1":{"name":"getContractAddress","line":35,"loc":{"start":{"line":35,"column":4},"end":{"line":41,"column":4}}},"2":{"name":"getContractAddressViaName","line":48,"loc":{"start":{"line":48,"column":4},"end":{"line":50,"column":4}}},"3":{"name":"_updateVersion","line":55,"loc":{"start":{"line":55,"column":4},"end":{"line":57,"column":4}}},"4":{"name":"stringToContractName","line":70,"loc":{"start":{"line":70,"column":4},"end":{"line":72,"column":4}}},"5":{"name":"updateVersion","line":101,"loc":{"start":{"line":101,"column":4},"end":{"line":110,"column":4}}},"6":{"name":"getContractListOfNetwork","line":112,"loc":{"start":{"line":112,"column":4},"end":{"line":114,"column":4}}},"7":{"name":"getNetworkLists","line":116,"loc":{"start":{"line":116,"column":4},"end":{"line":118,"column":4}}}},"statementMap":{"1":{"start":{"line":36,"column":8},"end":{"line":36,"column":75}},"2":{"start":{"line":37,"column":8},"end":{"line":37,"column":1116}},"3":{"start":{"line":38,"column":12},"end":{"line":38,"column":29}},"4":{"start":{"line":40,"column":8},"end":{"line":40,"column":73}},"5":{"start":{"line":49,"column":8},"end":{"line":49,"column":82}},"6":{"start":{"line":56,"column":8},"end":{"line":56,"column":64}},"7":{"start":{"line":71,"column":8},"end":{"line":71,"column":54}},"8":{"start":{"line":102,"column":8},"end":{"line":102,"column":72}},"9":{"start":{"line":103,"column":8},"end":{"line":103,"column":3742}},"10":{"start":{"line":104,"column":12},"end":{"line":104,"column":3819}},"11":{"start":{"line":105,"column":16},"end":{"line":105,"column":47}},"12":{"start":{"line":107,"column":12},"end":{"line":107,"column":61}},"13":{"start":{"line":109,"column":8},"end":{"line":109,"column":67}},"14":{"start":{"line":113,"column":8},"end":{"line":113,"column":40}},"15":{"start":{"line":117,"column":8},"end":{"line":117,"column":31}}},"branchMap":{"1":{"line":37,"type":"if","locations":[{"start":{"line":37,"column":8},"end":{"line":37,"column":8}},{"start":{"line":37,"column":8},"end":{"line":37,"column":8}}]},"2":{"line":103,"type":"if","locations":[{"start":{"line":103,"column":8},"end":{"line":103,"column":8}},{"start":{"line":103,"column":8},"end":{"line":103,"column":8}}]},"3":{"line":104,"type":"if","locations":[{"start":{"line":104,"column":12},"end":{"line":104,"column":12}},{"start":{"line":104,"column":12},"end":{"line":104,"column":12}}]}}},
"contracts/ERC20Unsafe.sol":{"l":{"52":8,"53":8,"60":0,"68":0,"85":0,"92":15,"99":16,"111":2,"112":2,"119":0,"130":0,"131":0,"148":0,"150":0,"151":0,"152":0,"154":0,"170":0,"171":0,"189":0,"190":0,"191":0,"193":0,"211":2,"212":2,"214":2,"216":2,"217":2,"218":2,"219":2,"221":2,"234":22,"236":22,"238":22,"239":22,"240":22,"255":1,"257":1,"259":1,"260":1,"261":1,"262":1,"264":1,"281":0,"282":0,"284":0,"285":0},"path":"/Users/den/Documents/dev/dfile/crypto/storage-protocol/contracts/ERC20Unsafe.sol","s":{"1":8,"2":8,"3":0,"4":0,"5":0,"6":15,"7":16,"8":2,"9":2,"10":0,"11":0,"12":0,"13":0,"14":0,"15":0,"16":0,"17":0,"18":0,"19":0,"20":0,"21":0,"22":0,"23":0,"24":2,"25":2,"26":2,"27":2,"28":2,"29":2,"30":2,"31":2,"32":22,"33":22,"34":22,"35":22,"36":22,"37":1,"38":1,"39":1,"40":1,"41":1,"42":1,"43":1,"44":0,"45":0,"46":0,"47":0},"b":{"1":[0,0],"2":[0,0],"3":[2,0],"4":[2,0],"5":[2,0],"6":[22,0],"7":[1,0],"8":[1,0],"9":[0,0],"10":[0,0]},"f":{"1":8,"2":0,"3":0,"4":0,"5":15,"6":16,"7":2,"8":0,"9":0,"10":0,"11":0,"12":0,"13":2,"14":22,"15":1,"16":0,"17":25},"fnMap":{"1":{"name":"constructor","line":51,"loc":{"start":{"line":51,"column":4},"end":{"line":54,"column":4}}},"2":{"name":"name","line":59,"loc":{"start":{"line":59,"column":4},"end":{"line":61,"column":4}}},"3":{"name":"symbol","line":67,"loc":{"start":{"line":67,"column":4},"end":{"line":69,"column":4}}},"4":{"name":"decimals","line":84,"loc":{"start":{"line":84,"column":4},"end":{"line":86,"column":4}}},"5":{"name":"totalSupply","line":91,"loc":{"start":{"line":91,"column":4},"end":{"line":93,"column":4}}},"6":{"name":"balanceOf","line":98,"loc":{"start":{"line":98,"column":4},"end":{"line":100,"column":4}}},"7":{"name":"transfer","line":110,"loc":{"start":{"line":110,"column":4},"end":{"line":113,"column":4}}},"8":{"name":"allowance","line":118,"loc":{"start":{"line":118,"column":4},"end":{"line":120,"column":4}}},"9":{"name":"approve","line":129,"loc":{"start":{"line":129,"column":4},"end":{"line":132,"column":4}}},"10":{"name":"transferFrom","line":147,"loc":{"start":{"line":147,"column":4},"end":{"line":155,"column":4}}},"11":{"name":"increaseAllowance","line":169,"loc":{"start":{"line":169,"column":4},"end":{"line":172,"column":4}}},"12":{"name":"decreaseAllowance","line":188,"loc":{"start":{"line":188,"column":4},"end":{"line":194,"column":4}}},"13":{"name":"_transfer","line":210,"loc":{"start":{"line":210,"column":4},"end":{"line":222,"column":4}}},"14":{"name":"_mint","line":233,"loc":{"start":{"line":233,"column":4},"end":{"line":241,"column":4}}},"15":{"name":"_burn","line":254,"loc":{"start":{"line":254,"column":4},"end":{"line":265,"column":4}}},"16":{"name":"_approve","line":280,"loc":{"start":{"line":280,"column":4},"end":{"line":286,"column":4}}},"17":{"name":"_beforeTokenTransfer","line":302,"loc":{"start":{"line":302,"column":4},"end":{"line":302,"column":95}}}},"statementMap":{"1":{"start":{"line":52,"column":8},"end":{"line":52,"column":20}},"2":{"start":{"line":53,"column":8},"end":{"line":53,"column":24}},"3":{"start":{"line":60,"column":8},"end":{"line":60,"column":20}},"4":{"start":{"line":68,"column":8},"end":{"line":68,"column":22}},"5":{"start":{"line":85,"column":8},"end":{"line":85,"column":17}},"6":{"start":{"line":92,"column":8},"end":{"line":92,"column":27}},"7":{"start":{"line":99,"column":8},"end":{"line":99,"column":33}},"8":{"start":{"line":111,"column":8},"end":{"line":111,"column":49}},"9":{"start":{"line":112,"column":8},"end":{"line":112,"column":19}},"10":{"start":{"line":119,"column":8},"end":{"line":119,"column":42}},"11":{"start":{"line":130,"column":8},"end":{"line":130,"column":46}},"12":{"start":{"line":131,"column":8},"end":{"line":131,"column":19}},"13":{"start":{"line":148,"column":8},"end":{"line":148,"column":43}},"14":{"start":{"line":150,"column":8},"end":{"line":150,"column":68}},"15":{"start":{"line":151,"column":8},"end":{"line":151,"column":63}},"16":{"start":{"line":152,"column":8},"end":{"line":152,"column":64}},"17":{"start":{"line":154,"column":8},"end":{"line":154,"column":19}},"18":{"start":{"line":170,"column":8},"end":{"line":170,"column":87}},"19":{"start":{"line":171,"column":8},"end":{"line":171,"column":19}},"20":{"start":{"line":189,"column":8},"end":{"line":189,"column":69}},"21":{"start":{"line":190,"column":8},"end":{"line":190,"column":81}},"22":{"start":{"line":191,"column":8},"end":{"line":191,"column":74}},"23":{"start":{"line":193,"column":8},"end":{"line":193,"column":19}},"24":{"start":{"line":211,"column":8},"end":{"line":211,"column":57}},"25":{"start":{"line":212,"column":8},"end":{"line":212,"column":58}},"26":{"start":{"line":214,"column":8},"end":{"line":214,"column":54}},"27":{"start":{"line":216,"column":8},"end":{"line":216,"column":49}},"28":{"start":{"line":217,"column":8},"end":{"line":217,"column":58}},"29":{"start":{"line":218,"column":8},"end":{"line":218,"column":49}},"30":{"start":{"line":219,"column":8},"end":{"line":219,"column":37}},"31":{"start":{"line":221,"column":8},"end":{"line":221,"column":48}},"32":{"start":{"line":234,"column":8},"end":{"line":234,"column":61}},"33":{"start":{"line":236,"column":8},"end":{"line":236,"column":56}},"34":{"start":{"line":238,"column":8},"end":{"line":238,"column":29}},"35":{"start":{"line":239,"column":8},"end":{"line":239,"column":35}},"36":{"start":{"line":240,"column":8},"end":{"line":240,"column":50}},"37":{"start":{"line":255,"column":8},"end":{"line":255,"column":63}},"38":{"start":{"line":257,"column":8},"end":{"line":257,"column":56}},"39":{"start":{"line":259,"column":8},"end":{"line":259,"column":51}},"40":{"start":{"line":260,"column":8},"end":{"line":260,"column":64}},"41":{"start":{"line":261,"column":8},"end":{"line":261,"column":51}},"42":{"start":{"line":262,"column":8},"end":{"line":262,"column":29}},"43":{"start":{"line":264,"column":8},"end":{"line":264,"column":50}},"44":{"start":{"line":281,"column":8},"end":{"line":281,"column":64}},"45":{"start":{"line":282,"column":8},"end":{"line":282,"column":64}},"46":{"start":{"line":284,"column":8},"end":{"line":284,"column":43}},"47":{"start":{"line":285,"column":8},"end":{"line":285,"column":45}}},"branchMap":{"1":{"line":151,"type":"if","locations":[{"start":{"line":151,"column":8},"end":{"line":151,"column":8}},{"start":{"line":151,"column":8},"end":{"line":151,"column":8}}]},"2":{"line":190,"type":"if","locations":[{"start":{"line":190,"column":8},"end":{"line":190,"column":8}},{"start":{"line":190,"column":8},"end":{"line":190,"column":8}}]},"3":{"line":211,"type":"if","locations":[{"start":{"line":211,"column":8},"end":{"line":211,"column":8}},{"start":{"line":211,"column":8},"end":{"line":211,"column":8}}]},"4":{"line":212,"type":"if","locations":[{"start":{"line":212,"column":8},"end":{"line":212,"column":8}},{"start":{"line":212,"column":8},"end":{"line":212,"column":8}}]},"5":{"line":217,"type":"if","locations":[{"start":{"line":217,"column":8},"end":{"line":217,"column":8}},{"start":{"line":217,"column":8},"end":{"line":217,"column":8}}]},"6":{"line":234,"type":"if","locations":[{"start":{"line":234,"column":8},"end":{"line":234,"column":8}},{"start":{"line":234,"column":8},"end":{"line":234,"column":8}}]},"7":{"line":255,"type":"if","locations":[{"start":{"line":255,"column":8},"end":{"line":255,"column":8}},{"start":{"line":255,"column":8},"end":{"line":255,"column":8}}]},"8":{"line":260,"type":"if","locations":[{"start":{"line":260,"column":8},"end":{"line":260,"column":8}},{"start":{"line":260,"column":8},"end":{"line":260,"column":8}}]},"9":{"line":281,"type":"if","locations":[{"start":{"line":281,"column":8},"end":{"line":281,"column":8}},{"start":{"line":281,"column":8},"end":{"line":281,"column":8}}]},"10":{"line":282,"type":"if","locations":[{"start":{"line":282,"column":8},"end":{"line":282,"column":8}},{"start":{"line":282,"column":8},"end":{"line":282,"column":8}}]}}},
"contracts/ERC20Vesting.sol":{"l":{"35":0,"36":0,"37":0,"38":0,"40":0,"47":0,"49":0,"50":0,"52":0,"53":0,"54":0,"55":0,"57":0,"59":0,"67":0,"68":0,"70":0,"71":0},"path":"/Users/den/Documents/dev/dfile/crypto/storage-protocol/contracts/ERC20Vesting.sol","s":{"1":0,"2":0,"3":0,"4":0,"5":0,"6":0,"7":0,"8":0,"9":0,"10":0,"11":0,"12":0,"13":0,"14":0,"15":0,"16":0,"17":0,"18":0},"b":{"1":[0,0],"2":[0,0],"3":[0,0],"4":[0,0],"5":[0,0],"6":[0,0]},"f":{"1":0,"2":0,"3":0},"fnMap":{"1":{"name":"createVesting","line":34,"loc":{"start":{"line":34,"column":4},"end":{"line":41,"column":4}}},"2":{"name":"getAmountToWithdraw","line":46,"loc":{"start":{"line":46,"column":4},"end":{"line":60,"column":4}}},"3":{"name":"withdraw","line":66,"loc":{"start":{"line":66,"column":4},"end":{"line":72,"column":4}}}},"statementMap":{"1":{"start":{"line":35,"column":8},"end":{"line":35,"column":80}},"2":{"start":{"line":36,"column":8},"end":{"line":36,"column":46}},"3":{"start":{"line":37,"column":8},"end":{"line":37,"column":68}},"4":{"start":{"line":38,"column":8},"end":{"line":38,"column":76}},"5":{"start":{"line":40,"column":8},"end":{"line":40,"column":34}},"6":{"start":{"line":47,"column":8},"end":{"line":47,"column":64}},"7":{"start":{"line":49,"column":8},"end":{"line":49,"column":1345}},"8":{"start":{"line":50,"column":12},"end":{"line":50,"column":20}},"9":{"start":{"line":52,"column":8},"end":{"line":52,"column":76}},"10":{"start":{"line":53,"column":8},"end":{"line":53,"column":61}},"11":{"start":{"line":54,"column":8},"end":{"line":54,"column":1573}},"12":{"start":{"line":55,"column":12},"end":{"line":55,"column":76}},"13":{"start":{"line":57,"column":12},"end":{"line":57,"column":39}},"14":{"start":{"line":59,"column":8},"end":{"line":59,"column":45}},"15":{"start":{"line":67,"column":8},"end":{"line":67,"column":54}},"16":{"start":{"line":68,"column":8},"end":{"line":68,"column":85}},"17":{"start":{"line":70,"column":8},"end":{"line":70,"column":41}},"18":{"start":{"line":71,"column":8},"end":{"line":71,"column":40}}},"branchMap":{"1":{"line":35,"type":"if","locations":[{"start":{"line":35,"column":8},"end":{"line":35,"column":8}},{"start":{"line":35,"column":8},"end":{"line":35,"column":8}}]},"2":{"line":36,"type":"if","locations":[{"start":{"line":36,"column":8},"end":{"line":36,"column":8}},{"start":{"line":36,"column":8},"end":{"line":36,"column":8}}]},"3":{"line":37,"type":"if","locations":[{"start":{"line":37,"column":8},"end":{"line":37,"column":8}},{"start":{"line":37,"column":8},"end":{"line":37,"column":8}}]},"4":{"line":38,"type":"if","locations":[{"start":{"line":38,"column":8},"end":{"line":38,"column":8}},{"start":{"line":38,"column":8},"end":{"line":38,"column":8}}]},"5":{"line":49,"type":"if","locations":[{"start":{"line":49,"column":8},"end":{"line":49,"column":8}},{"start":{"line":49,"column":8},"end":{"line":49,"column":8}}]},"6":{"line":54,"type":"if","locations":[{"start":{"line":54,"column":8},"end":{"line":54,"column":8}},{"start":{"line":54,"column":8},"end":{"line":54,"column":8}}]}}},
"contracts/Governance.sol":{"l":{"32":0,"33":0,"34":0,"35":0,"36":0,"40":0,"44":0,"45":0,"46":0,"48":0,"49":0,"51":0,"57":0,"58":0,"60":0,"62":0,"63":0,"67":0,"68":0,"69":0,"70":0,"71":0,"72":0,"73":0,"75":0,"76":0,"77":0,"78":0,"95":1,"99":0,"104":0,"105":0,"107":0,"111":0,"112":0,"113":0,"114":0,"116":0,"118":0,"119":0,"127":1,"128":1,"129":1,"130":1,"131":1,"132":1,"136":0,"137":0,"138":0,"139":0,"140":0},"path":"/Users/den/Documents/dev/dfile/crypto/storage-protocol/contracts/Governance.sol","s":{"1":0,"2":0,"3":0,"4":0,"5":0,"6":0,"7":0,"8":0,"9":0,"10":0,"11":0,"12":0,"13":0,"14":0,"15":0,"16":0,"17":0,"18":0,"19":0,"20":0,"21":0,"22":0,"23":0,"24":0,"25":0,"26":0,"27":0,"28":0,"29":1,"30":0,"31":0,"32":0,"33":0,"34":0,"35":0,"36":0,"37":0,"38":0,"39":0,"40":0,"41":1,"42":1,"43":1,"44":1,"45":1,"46":1,"47":0,"48":0,"49":0,"50":0,"51":0},"b":{"1":[0,0],"2":[0,0],"3":[0,0],"4":[0,0],"5":[0,0],"6":[0,0],"7":[0,0],"8":[0,0],"9":[0,0],"10":[0,0],"11":[0,0],"12":[1,0],"13":[0,0]},"f":{"1":0,"2":0,"3":0,"4":0,"5":0,"6":1,"7":0,"8":0,"9":0,"10":1,"11":0},"fnMap":{"1":{"name":"constructor","line":31,"loc":{"start":{"line":31,"column":4},"end":{"line":37,"column":4}}},"2":{"name":"getCurPeriod","line":39,"loc":{"start":{"line":39,"column":4},"end":{"line":41,"column":4}}},"3":{"name":"getCurrentState","line":43,"loc":{"start":{"line":43,"column":4},"end":{"line":54,"column":4}}},"4":{"name":"_updateVotes","line":56,"loc":{"start":{"line":56,"column":4},"end":{"line":64,"column":4}}},"5":{"name":"voteFor","line":66,"loc":{"start":{"line":66,"column":4},"end":{"line":80,"column":4}}},"6":{"name":"constructor","line":94,"loc":{"start":{"line":94,"column":4},"end":{"line":96,"column":4}}},"7":{"name":"updateLockTime","line":98,"loc":{"start":{"line":98,"column":4},"end":{"line":100,"column":4}}},"8":{"name":"balanceOf","line":102,"loc":{"start":{"line":102,"column":4},"end":{"line":108,"column":4}}},"9":{"name":"vote","line":110,"loc":{"start":{"line":110,"column":4},"end":{"line":120,"column":4}}},"10":{"name":"depositToken","line":122,"loc":{"start":{"line":122,"column":4},"end":{"line":133,"column":4}}},"11":{"name":"withdrawToken","line":135,"loc":{"start":{"line":135,"column":4},"end":{"line":141,"column":4}}}},"statementMap":{"1":{"start":{"line":32,"column":8},"end":{"line":32,"column":25}},"2":{"start":{"line":33,"column":8},"end":{"line":33,"column":25}},"3":{"start":{"line":34,"column":8},"end":{"line":34,"column":27}},"4":{"start":{"line":35,"column":8},"end":{"line":35,"column":27}},"5":{"start":{"line":36,"column":8},"end":{"line":36,"column":46}},"6":{"start":{"line":40,"column":8},"end":{"line":40,"column":43}},"7":{"start":{"line":44,"column":8},"end":{"line":44,"column":39}},"8":{"start":{"line":45,"column":8},"end":{"line":45,"column":1332}},"9":{"start":{"line":46,"column":12},"end":{"line":46,"column":31}},"10":{"start":{"line":48,"column":12},"end":{"line":48,"column":1433}},"11":{"start":{"line":49,"column":16},"end":{"line":49,"column":70}},"12":{"start":{"line":51,"column":16},"end":{"line":51,"column":61}},"13":{"start":{"line":57,"column":8},"end":{"line":57,"column":1686}},"14":{"start":{"line":58,"column":12},"end":{"line":58,"column":64}},"15":{"start":{"line":60,"column":12},"end":{"line":60,"column":73}},"16":{"start":{"line":62,"column":8},"end":{"line":62,"column":21}},"17":{"start":{"line":63,"column":8},"end":{"line":63,"column":22}},"18":{"start":{"line":67,"column":8},"end":{"line":67,"column":49}},"19":{"start":{"line":68,"column":8},"end":{"line":68,"column":49}},"20":{"start":{"line":69,"column":8},"end":{"line":69,"column":46}},"21":{"start":{"line":70,"column":8},"end":{"line":70,"column":39}},"22":{"start":{"line":71,"column":8},"end":{"line":71,"column":2221}},"23":{"start":{"line":72,"column":12},"end":{"line":72,"column":25}},"24":{"start":{"line":73,"column":12},"end":{"line":73,"column":37}},"25":{"start":{"line":75,"column":8},"end":{"line":75,"column":46}},"26":{"start":{"line":76,"column":8},"end":{"line":76,"column":2390}},"27":{"start":{"line":77,"column":12},"end":{"line":77,"column":42}},"28":{"start":{"line":78,"column":12},"end":{"line":78,"column":34}},"29":{"start":{"line":95,"column":8},"end":{"line":95,"column":36}},"30":{"start":{"line":99,"column":8},"end":{"line":99,"column":29}},"31":{"start":{"line":104,"column":8},"end":{"line":104,"column":3190}},"32":{"start":{"line":105,"column":12},"end":{"line":105,"column":72}},"33":{"start":{"line":107,"column":8},"end":{"line":107,"column":40}},"34":{"start":{"line":111,"column":8},"end":{"line":111,"column":36}},"35":{"start":{"line":112,"column":8},"end":{"line":112,"column":80}},"36":{"start":{"line":113,"column":8},"end":{"line":113,"column":3561}},"37":{"start":{"line":114,"column":12},"end":{"line":114,"column":73}},"38":{"start":{"line":116,"column":12},"end":{"line":116,"column":45}},"39":{"start":{"line":118,"column":8},"end":{"line":118,"column":57}},"40":{"start":{"line":119,"column":8},"end":{"line":119,"column":51}},"41":{"start":{"line":127,"column":8},"end":{"line":127,"column":51}},"42":{"start":{"line":128,"column":8},"end":{"line":128,"column":62}},"43":{"start":{"line":129,"column":8},"end":{"line":129,"column":93}},"44":{"start":{"line":130,"column":8},"end":{"line":130,"column":79}},"45":{"start":{"line":131,"column":8},"end":{"line":131,"column":83}},"46":{"start":{"line":132,"column":8},"end":{"line":132,"column":45}},"47":{"start":{"line":136,"column":8},"end":{"line":136,"column":51}},"48":{"start":{"line":137,"column":8},"end":{"line":137,"column":76}},"49":{"start":{"line":138,"column":8},"end":{"line":138,"column":78}},"50":{"start":{"line":139,"column":8},"end":{"line":139,"column":41}},"51":{"start":{"line":140,"column":8},"end":{"line":140,"column":41}}},"branchMap":{"1":{"line":45,"type":"if","locations":[{"start":{"line":45,"column":8},"end":{"line":45,"column":8}},{"start":{"line":45,"column":8},"end":{"line":45,"column":8}}]},"2":{"line":48,"type":"if","locations":[{"start":{"line":48,"column":12},"end":{"line":48,"column":12}},{"start":{"line":48,"column":12},"end":{"line":48,"column":12}}]},"3":{"line":57,"type":"if","locations":[{"start":{"line":57,"column":8},"end":{"line":57,"column":8}},{"start":{"line":57,"column":8},"end":{"line":57,"column":8}}]},"4":{"line":67,"type":"if","locations":[{"start":{"line":67,"column":8},"end":{"line":67,"column":8}},{"start":{"line":67,"column":8},"end":{"line":67,"column":8}}]},"5":{"line":68,"type":"if","locations":[{"start":{"line":68,"column":8},"end":{"line":68,"column":8}},{"start":{"line":68,"column":8},"end":{"line":68,"column":8}}]},"6":{"line":69,"type":"if","locations":[{"start":{"line":69,"column":8},"end":{"line":69,"column":8}},{"start":{"line":69,"column":8},"end":{"line":69,"column":8}}]},"7":{"line":71,"type":"if","locations":[{"start":{"line":71,"column":8},"end":{"line":71,"column":8}},{"start":{"line":71,"column":8},"end":{"line":71,"column":8}}]},"8":{"line":76,"type":"if","locations":[{"start":{"line":76,"column":8},"end":{"line":76,"column":8}},{"start":{"line":76,"column":8},"end":{"line":76,"column":8}}]},"9":{"line":104,"type":"if","locations":[{"start":{"line":104,"column":8},"end":{"line":104,"column":8}},{"start":{"line":104,"column":8},"end":{"line":104,"column":8}}]},"10":{"line":112,"type":"if","locations":[{"start":{"line":112,"column":8},"end":{"line":112,"column":8}},{"start":{"line":112,"column":8},"end":{"line":112,"column":8}}]},"11":{"line":113,"type":"if","locations":[{"start":{"line":113,"column":8},"end":{"line":113,"column":8}},{"start":{"line":113,"column":8},"end":{"line":113,"column":8}}]},"12":{"line":129,"type":"if","locations":[{"start":{"line":129,"column":8},"end":{"line":129,"column":8}},{"start":{"line":129,"column":8},"end":{"line":129,"column":8}}]},"13":{"line":137,"type":"if","locations":[{"start":{"line":137,"column":8},"end":{"line":137,"column":8}},{"start":{"line":137,"column":8},"end":{"line":137,"column":8}}]}}},
"contracts/interfaces/IContractStorage.sol":{"l":{},"path":"/Users/den/Documents/dev/dfile/crypto/storage-protocol/contracts/interfaces/IContractStorage.sol","s":{},"b":{},"f":{},"fnMap":{},"statementMap":{},"branchMap":{}},
"contracts/interfaces/IGovernance.sol":{"l":{},"path":"/Users/den/Documents/dev/dfile/crypto/storage-protocol/contracts/interfaces/IGovernance.sol","s":{},"b":{},"f":{},"fnMap":{},"statementMap":{},"branchMap":{}},
"contracts/interfaces/INodeNFT.sol":{"l":{},"path":"/Users/den/Documents/dev/dfile/crypto/storage-protocol/contracts/interfaces/INodeNFT.sol","s":{},"b":{},"f":{},"fnMap":{},"statementMap":{},"branchMap":{}},
"contracts/interfaces/IOldPayments.sol":{"l":{},"path":"/Users/den/Documents/dev/dfile/crypto/storage-protocol/contracts/interfaces/IOldPayments.sol","s":{},"b":{},"f":{},"fnMap":{},"statementMap":{},"branchMap":{}},
"contracts/interfaces/IPayments.sol":{"l":{},"path":"/Users/den/Documents/dev/dfile/crypto/storage-protocol/contracts/interfaces/IPayments.sol","s":{},"b":{},"f":{},"fnMap":{},"statementMap":{},"branchMap":{}},
"contracts/interfaces/IPoSAdmin.sol":{"l":{},"path":"/Users/den/Documents/dev/dfile/crypto/storage-protocol/contracts/interfaces/IPoSAdmin.sol","s":{},"b":{},"f":{},"fnMap":{},"statementMap":{},"branchMap":{}},
"contracts/interfaces/IProofOfStorage.sol":{"l":{},"path":"/Users/den/Documents/dev/dfile/crypto/storage-protocol/contracts/interfaces/IProofOfStorage.sol","s":{},"b":{},"f":{},"fnMap":{},"statementMap":{},"branchMap":{}},
"contracts/interfaces/IStorageToken.sol":{"l":{},"path":"/Users/den/Documents/dev/dfile/crypto/storage-protocol/contracts/interfaces/IStorageToken.sol","s":{},"b":{},"f":{},"fnMap":{},"statementMap":{},"branchMap":{}},
"contracts/interfaces/IUserStorage.sol":{"l":{},"path":"/Users/den/Documents/dev/dfile/crypto/storage-protocol/contracts/interfaces/IUserStorage.sol","s":{},"b":{},"f":{},"fnMap":{},"statementMap":{},"branchMap":{}},
"contracts/NodeNFT.sol":{"l":{"26":0,"27":0,"31":13,"35":3,"36":3,"37":3,"41":10,"42":10,"43":10,"47":0,"48":0,"52":0,"53":0,"54":0,"58":0,"59":0,"60":0,"61":0,"62":0,"63":0,"64":0,"69":10,"70":10,"71":10,"75":23,"76":23,"96":7,"97":7,"101":0,"105":0,"110":10,"111":10,"115":13,"117":13,"118":13,"119":13,"120":10,"123":3,"124":3,"127":13,"128":13,"132":13,"136":0,"139":0,"140":0,"145":11,"146":11,"168":7,"179":0,"186":10,"190":0,"191":0,"199":0,"214":10,"215":10,"216":10,"217":1,"218":1,"219":1,"222":1,"224":10,"233":10,"236":10,"239":10,"240":10,"243":10,"244":10,"245":10,"246":10,"247":10,"248":10,"252":3,"253":3,"256":0,"260":0,"261":0,"262":0,"263":0,"264":0,"265":0,"266":0,"270":10},"path":"/Users/den/Documents/dev/dfile/crypto/storage-protocol/contracts/NodeNFT.sol","s":{"1":0,"2":0,"3":13,"4":3,"5":3,"6":3,"7":10,"8":10,"9":10,"10":0,"11":0,"12":0,"13":0,"14":0,"15":0,"16":0,"17":0,"18":0,"19":0,"20":0,"21":0,"22":10,"23":10,"24":10,"25":23,"26":23,"27":7,"28":7,"29":0,"30":0,"31":10,"32":10,"33":13,"34":13,"35":13,"36":13,"37":10,"38":3,"39":3,"40":13,"41":13,"42":13,"43":0,"44":0,"45":11,"46":11,"47":7,"48":0,"49":10,"50":0,"51":0,"52":0,"53":10,"54":10,"55":10,"56":1,"57":1,"58":1,"59":1,"60":10,"61":10,"62":10,"63":10,"64":10,"65":10,"66":10,"67":10,"68":10,"69":10,"70":10,"71":3,"72":3,"73":0,"74":0,"75":0,"76":0,"77":0,"78":0,"79":0,"80":0,"81":10},"b":{"1":[0,0],"2":[3,0],"3":[10,0],"4":[0,0],"5":[0,0],"6":[10,0],"7":[10,0],"8":[13,0],"9":[10,3],"10":[0,0],"11":[10,0],"12":[1,9],"13":[10,0],"14":[10,0],"15":[10,0],"16":[10,0],"17":[3,0],"18":[0,0],"19":[0,0],"20":[0,0]},"f":{"1":0,"2":13,"3":3,"4":10,"5":0,"6":0,"7":0,"8":10,"9":23,"10":7,"11":0,"12":0,"13":10,"14":13,"15":0,"16":11,"17":7,"18":0,"19":10,"20":0,"21":0,"22":10,"23":10,"24":3,"25":0,"26":0,"27":10},"fnMap":{"1":{"name":"balanceOf","line":25,"loc":{"start":{"line":25,"column":4},"end":{"line":28,"column":4}}},"2":{"name":"getNodeIDByAddress","line":30,"loc":{"start":{"line":30,"column":4},"end":{"line":32,"column":4}}},"3":{"name":"ownerOf","line":34,"loc":{"start":{"line":34,"column":4},"end":{"line":38,"column":4}}},"4":{"name":"_mint","line":40,"loc":{"start":{"line":40,"column":4},"end":{"line":44,"column":4}}},"5":{"name":"_burn","line":46,"loc":{"start":{"line":46,"column":4},"end":{"line":49,"column":4}}},"6":{"name":"_removeTokenFrom","line":51,"loc":{"start":{"line":51,"column":4},"end":{"line":55,"column":4}}},"7":{"name":"_transferFrom","line":57,"loc":{"start":{"line":57,"column":4},"end":{"line":66,"column":4}}},"8":{"name":"_addTokenTo","line":68,"loc":{"start":{"line":68,"column":4},"end":{"line":72,"column":4}}},"9":{"name":"_exists","line":74,"loc":{"start":{"line":74,"column":4},"end":{"line":77,"column":4}}},"10":{"name":"constructor","line":95,"loc":{"start":{"line":95,"column":4},"end":{"line":98,"column":4}}},"11":{"name":"name","line":100,"loc":{"start":{"line":100,"column":4},"end":{"line":102,"column":4}}},"12":{"name":"symbol","line":104,"loc":{"start":{"line":104,"column":4},"end":{"line":106,"column":4}}},"13":{"name":"nodeInfo","line":109,"loc":{"start":{"line":109,"column":4},"end":{"line":112,"column":4}}},"14":{"name":"_setNodeInfo","line":114,"loc":{"start":{"line":114,"column":4},"end":{"line":133,"column":4}}},"15":{"name":"_burnNode","line":135,"loc":{"start":{"line":135,"column":4},"end":{"line":142,"column":4}}},"16":{"name":"_increaseRank","line":144,"loc":{"start":{"line":144,"column":4},"end":{"line":147,"column":4}}},"17":{"name":"constructor","line":167,"loc":{"start":{"line":167,"column":4},"end":{"line":169,"column":4}}},"18":{"name":"changeWhiteListStatus","line":178,"loc":{"start":{"line":178,"column":4},"end":{"line":180,"column":4}}},"19":{"name":"addToWhiteList","line":185,"loc":{"start":{"line":185,"column":4},"end":{"line":187,"column":4}}},"20":{"name":"whiteListMany","line":189,"loc":{"start":{"line":189,"column":4},"end":{"line":193,"column":4}}},"21":{"name":"updateNodesLimit","line":198,"loc":{"start":{"line":198,"column":4},"end":{"line":200,"column":4}}},"22":{"name":"addSuccessProof","line":213,"loc":{"start":{"line":213,"column":4},"end":{"line":225,"column":4}}},"23":{"name":"createNode","line":231,"loc":{"start":{"line":231,"column":4},"end":{"line":249,"column":4}}},"24":{"name":"updateNode","line":251,"loc":{"start":{"line":251,"column":4},"end":{"line":254,"column":4}}},"25":{"name":"totalSupply","line":255,"loc":{"start":{"line":255,"column":4},"end":{"line":257,"column":4}}},"26":{"name":"stealNode","line":259,"loc":{"start":{"line":259,"column":4},"end":{"line":267,"column":4}}},"27":{"name":"getLastUpdateByAddress","line":269,"loc":{"start":{"line":269,"column":4},"end":{"line":271,"column":4}}}},"statementMap":{"1":{"start":{"line":26,"column":8},"end":{"line":26,"column":53}},"2":{"start":{"line":27,"column":8},"end":{"line":27,"column":39}},"3":{"start":{"line":31,"column":8},"end":{"line":31,"column":35}},"4":{"start":{"line":35,"column":8},"end":{"line":35,"column":44}},"5":{"start":{"line":36,"column":8},"end":{"line":36,"column":53}},"6":{"start":{"line":37,"column":8},"end":{"line":37,"column":20}},"7":{"start":{"line":41,"column":8},"end":{"line":41,"column":50}},"8":{"start":{"line":42,"column":8},"end":{"line":42,"column":31}},"9":{"start":{"line":43,"column":8},"end":{"line":43,"column":46}},"10":{"start":{"line":47,"column":8},"end":{"line":47,"column":39}},"11":{"start":{"line":48,"column":8},"end":{"line":48,"column":49}},"12":{"start":{"line":52,"column":8},"end":{"line":52,"column":68}},"13":{"start":{"line":53,"column":8},"end":{"line":53,"column":65}},"14":{"start":{"line":54,"column":8},"end":{"line":54,"column":40}},"15":{"start":{"line":58,"column":8},"end":{"line":58,"column":73}},"16":{"start":{"line":59,"column":8},"end":{"line":59,"column":65}},"17":{"start":{"line":60,"column":8},"end":{"line":60,"column":63}},"18":{"start":{"line":61,"column":8},"end":{"line":61,"column":34}},"19":{"start":{"line":62,"column":8},"end":{"line":62,"column":31}},"20":{"start":{"line":63,"column":8},"end":{"line":63,"column":36}},"21":{"start":{"line":64,"column":8},"end":{"line":64,"column":43}},"22":{"start":{"line":69,"column":8},"end":{"line":69,"column":76}},"23":{"start":{"line":70,"column":8},"end":{"line":70,"column":32}},"24":{"start":{"line":71,"column":8},"end":{"line":71,"column":59}},"25":{"start":{"line":75,"column":8},"end":{"line":75,"column":44}},"26":{"start":{"line":76,"column":8},"end":{"line":76,"column":34}},"27":{"start":{"line":96,"column":8},"end":{"line":96,"column":20}},"28":{"start":{"line":97,"column":8},"end":{"line":97,"column":24}},"29":{"start":{"line":101,"column":8},"end":{"line":101,"column":20}},"30":{"start":{"line":105,"column":8},"end":{"line":105,"column":22}},"31":{"start":{"line":110,"column":8},"end":{"line":110,"column":50}},"32":{"start":{"line":111,"column":8},"end":{"line":111,"column":29}},"33":{"start":{"line":115,"column":8},"end":{"line":115,"column":50}},"34":{"start":{"line":117,"column":8},"end":{"line":117,"column":36}},"35":{"start":{"line":118,"column":8},"end":{"line":118,"column":33}},"36":{"start":{"line":119,"column":8},"end":{"line":119,"column":3774}},"37":{"start":{"line":120,"column":12},"end":{"line":120,"column":53}},"38":{"start":{"line":123,"column":12},"end":{"line":123,"column":21}},"39":{"start":{"line":124,"column":12},"end":{"line":124,"column":81}},"40":{"start":{"line":127,"column":8},"end":{"line":127,"column":49}},"41":{"start":{"line":128,"column":8},"end":{"line":128,"column":39}},"42":{"start":{"line":132,"column":8},"end":{"line":132,"column":60}},"43":{"start":{"line":136,"column":8},"end":{"line":136,"column":34}},"44":{"start":{"line":139,"column":8},"end":{"line":139,"column":4401}},"45":{"start":{"line":145,"column":8},"end":{"line":145,"column":52}},"46":{"start":{"line":146,"column":8},"end":{"line":146,"column":49}},"47":{"start":{"line":168,"column":8},"end":{"line":168,"column":28}},"48":{"start":{"line":179,"column":8},"end":{"line":179,"column":34}},"49":{"start":{"line":186,"column":8},"end":{"line":186,"column":35}},"50":{"start":{"line":190,"column":8},"end":{"line":190,"column":5855}},"51":{"start":{"line":191,"column":12},"end":{"line":191,"column":43}},"52":{"start":{"line":199,"column":8},"end":{"line":199,"column":28}},"53":{"start":{"line":214,"column":8},"end":{"line":214,"column":74}},"54":{"start":{"line":215,"column":8},"end":{"line":215,"column":56}},"55":{"start":{"line":216,"column":8},"end":{"line":216,"column":6524}},"56":{"start":{"line":217,"column":12},"end":{"line":217,"column":90}},"57":{"start":{"line":218,"column":12},"end":{"line":218,"column":36}},"58":{"start":{"line":219,"column":12},"end":{"line":219,"column":36}},"59":{"start":{"line":222,"column":12},"end":{"line":222,"column":51}},"60":{"start":{"line":224,"column":8},"end":{"line":224,"column":47}},"61":{"start":{"line":233,"column":8},"end":{"line":233,"column":75}},"62":{"start":{"line":236,"column":8},"end":{"line":236,"column":80}},"63":{"start":{"line":239,"column":8},"end":{"line":239,"column":7402}},"64":{"start":{"line":240,"column":12},"end":{"line":240,"column":88}},"65":{"start":{"line":243,"column":8},"end":{"line":243,"column":36}},"66":{"start":{"line":244,"column":8},"end":{"line":244,"column":41}},"67":{"start":{"line":245,"column":8},"end":{"line":245,"column":45}},"68":{"start":{"line":246,"column":8},"end":{"line":246,"column":22}},"69":{"start":{"line":247,"column":8},"end":{"line":247,"column":26}},"70":{"start":{"line":248,"column":8},"end":{"line":248,"column":29}},"71":{"start":{"line":252,"column":8},"end":{"line":252,"column":79}},"72":{"start":{"line":253,"column":8},"end":{"line":253,"column":37}},"73":{"start":{"line":256,"column":8},"end":{"line":256,"column":29}},"74":{"start":{"line":260,"column":8},"end":{"line":260,"column":59}},"75":{"start":{"line":261,"column":8},"end":{"line":261,"column":69}},"76":{"start":{"line":262,"column":8},"end":{"line":262,"column":53}},"77":{"start":{"line":263,"column":8},"end":{"line":263,"column":86}},"78":{"start":{"line":264,"column":8},"end":{"line":264,"column":44}},"79":{"start":{"line":265,"column":8},"end":{"line":265,"column":45}},"80":{"start":{"line":266,"column":8},"end":{"line":266,"column":29}},"81":{"start":{"line":270,"column":8},"end":{"line":270,"column":60}}},"branchMap":{"1":{"line":26,"type":"if","locations":[{"start":{"line":26,"column":8},"end":{"line":26,"column":8}},{"start":{"line":26,"column":8},"end":{"line":26,"column":8}}]},"2":{"line":36,"type":"if","locations":[{"start":{"line":36,"column":8},"end":{"line":36,"column":8}},{"start":{"line":36,"column":8},"end":{"line":36,"column":8}}]},"3":{"line":41,"type":"if","locations":[{"start":{"line":41,"column":8},"end":{"line":41,"column":8}},{"start":{"line":41,"column":8},"end":{"line":41,"column":8}}]},"4":{"line":52,"type":"if","locations":[{"start":{"line":52,"column":8},"end":{"line":52,"column":8}},{"start":{"line":52,"column":8},"end":{"line":52,"column":8}}]},"5":{"line":58,"type":"if","locations":[{"start":{"line":58,"column":8},"end":{"line":58,"column":8}},{"start":{"line":58,"column":8},"end":{"line":58,"column":8}}]},"6":{"line":69,"type":"if","locations":[{"start":{"line":69,"column":8},"end":{"line":69,"column":8}},{"start":{"line":69,"column":8},"end":{"line":69,"column":8}}]},"7":{"line":110,"type":"if","locations":[{"start":{"line":110,"column":8},"end":{"line":110,"column":8}},{"start":{"line":110,"column":8},"end":{"line":110,"column":8}}]},"8":{"line":115,"type":"if","locations":[{"start":{"line":115,"column":8},"end":{"line":115,"column":8}},{"start":{"line":115,"column":8},"end":{"line":115,"column":8}}]},"9":{"line":119,"type":"if","locations":[{"start":{"line":119,"column":8},"end":{"line":119,"column":8}},{"start":{"line":119,"column":8},"end":{"line":119,"column":8}}]},"10":{"line":139,"type":"if","locations":[{"start":{"line":139,"column":8},"end":{"line":139,"column":8}},{"start":{"line":139,"column":8},"end":{"line":139,"column":8}}]},"11":{"line":214,"type":"if","locations":[{"start":{"line":214,"column":8},"end":{"line":214,"column":8}},{"start":{"line":214,"column":8},"end":{"line":214,"column":8}}]},"12":{"line":216,"type":"if","locations":[{"start":{"line":216,"column":8},"end":{"line":216,"column":8}},{"start":{"line":216,"column":8},"end":{"line":216,"column":8}}]},"13":{"line":233,"type":"if","locations":[{"start":{"line":233,"column":8},"end":{"line":233,"column":8}},{"start":{"line":233,"column":8},"end":{"line":233,"column":8}}]},"14":{"line":236,"type":"if","locations":[{"start":{"line":236,"column":8},"end":{"line":236,"column":8}},{"start":{"line":236,"column":8},"end":{"line":236,"column":8}}]},"15":{"line":239,"type":"if","locations":[{"start":{"line":239,"column":8},"end":{"line":239,"column":8}},{"start":{"line":239,"column":8},"end":{"line":239,"column":8}}]},"16":{"line":240,"type":"if","locations":[{"start":{"line":240,"column":12},"end":{"line":240,"column":12}},{"start":{"line":240,"column":12},"end":{"line":240,"column":12}}]},"17":{"line":252,"type":"if","locations":[{"start":{"line":252,"column":8},"end":{"line":252,"column":8}},{"start":{"line":252,"column":8},"end":{"line":252,"column":8}}]},"18":{"line":260,"type":"if","locations":[{"start":{"line":260,"column":8},"end":{"line":260,"column":8}},{"start":{"line":260,"column":8},"end":{"line":260,"column":8}}]},"19":{"line":261,"type":"if","locations":[{"start":{"line":261,"column":8},"end":{"line":261,"column":8}},{"start":{"line":261,"column":8},"end":{"line":261,"column":8}}]},"20":{"line":263,"type":"if","locations":[{"start":{"line":263,"column":8},"end":{"line":263,"column":8}},{"start":{"line":263,"column":8},"end":{"line":263,"column":8}}]}}},
"contracts/Payments.sol":{"l":{"38":0,"42":20,"43":20,"45":20,"46":20,"48":20,"54":14,"63":1},"path":"/Users/den/Documents/dev/dfile/crypto/storage-protocol/contracts/Payments.sol","s":{"1":0,"2":20,"3":20,"4":20,"5":20,"6":20,"7":14,"8":1},"b":{"1":[20,0],"2":[20,0]},"f":{"1":8,"2":0,"3":20,"4":14,"5":1},"fnMap":{"1":{"name":"constructor","line":33,"loc":{"start":{"line":29,"column":4},"end":{"line":33,"column":65}}},"2":{"name":"getBalance","line":37,"loc":{"start":{"line":37,"column":4},"end":{"line":39,"column":4}}},"3":{"name":"localTransferFrom","line":41,"loc":{"start":{"line":41,"column":4},"end":{"line":49,"column":4}}},"4":{"name":"depositToLocal","line":53,"loc":{"start":{"line":53,"column":4},"end":{"line":55,"column":4}}},"5":{"name":"closeDeposit","line":62,"loc":{"start":{"line":62,"column":4},"end":{"line":64,"column":4}}}},"statementMap":{"1":{"start":{"line":38,"column":8},"end":{"line":38,"column":34}},"2":{"start":{"line":42,"column":8},"end":{"line":42,"column":67}},"3":{"start":{"line":43,"column":8},"end":{"line":43,"column":44}},"4":{"start":{"line":45,"column":8},"end":{"line":45,"column":77}},"5":{"start":{"line":46,"column":8},"end":{"line":46,"column":51}},"6":{"start":{"line":48,"column":8},"end":{"line":48,"column":51}},"7":{"start":{"line":54,"column":8},"end":{"line":54,"column":48}},"8":{"start":{"line":63,"column":8},"end":{"line":63,"column":42}}},"branchMap":{"1":{"line":42,"type":"if","locations":[{"start":{"line":42,"column":8},"end":{"line":42,"column":8}},{"start":{"line":42,"column":8},"end":{"line":42,"column":8}}]},"2":{"line":43,"type":"if","locations":[{"start":{"line":43,"column":8},"end":{"line":43,"column":8}},{"start":{"line":43,"column":8},"end":{"line":43,"column":8}}]}}},
"contracts/PoSAdmin.sol":{"l":{"17":15,"21":45,"22":45,"26":0,"27":0},"path":"/Users/den/Documents/dev/dfile/crypto/storage-protocol/contracts/PoSAdmin.sol","s":{"1":15,"2":45,"3":0,"4":0},"b":{"1":[45,0]},"f":{"1":15,"2":45,"3":0},"fnMap":{"1":{"name":"constructor","line":16,"loc":{"start":{"line":16,"column":4},"end":{"line":18,"column":4}}},"2":{"name":"onlyPoS","line":20,"loc":{"start":{"line":20,"column":4},"end":{"line":23,"column":4}}},"3":{"name":"changePoS","line":25,"loc":{"start":{"line":25,"column":4},"end":{"line":28,"column":4}}}},"statementMap":{"1":{"start":{"line":17,"column":8},"end":{"line":17,"column":35}},"2":{"start":{"line":21,"column":8},"end":{"line":21,"column":75}},"3":{"start":{"line":26,"column":8},"end":{"line":26,"column":42}},"4":{"start":{"line":27,"column":8},"end":{"line":27,"column":42}}},"branchMap":{"1":{"line":21,"type":"if","locations":[{"start":{"line":21,"column":8},"end":{"line":21,"column":8}},{"start":{"line":21,"column":8},"end":{"line":21,"column":8}}]}}},
"contracts/ProofOfStorage.sol":{"l":{"36":8,"44":10,"45":10,"46":80,"49":80,"50":70,"54":0,"57":0,"58":0,"62":10,"79":10,"80":10,"82":0,"86":11,"91":0,"92":0,"93":0,"97":0,"101":0,"115":8,"119":14,"120":12,"122":2,"128":14,"129":14,"130":14,"132":14,"133":14,"134":14,"138":1,"139":1,"216":8,"224":0,"228":4,"232":4,"236":10,"237":10,"238":10,"240":10,"242":10,"249":0,"256":10,"257":10,"262":0,"269":4,"310":0,"317":2,"325":10,"326":10,"336":8,"337":8,"357":0,"396":10,"398":0,"406":0,"414":10,"428":10,"434":10,"439":10,"458":10,"459":10,"460":10,"462":10,"465":10,"466":1,"487":10,"492":10,"499":10,"513":10,"519":10,"527":10,"528":10,"533":10,"537":10,"541":10,"550":10,"555":10,"577":10,"586":10,"588":10,"593":10,"594":0,"600":10,"601":10,"620":10,"622":10,"633":10,"634":0,"635":0,"637":10,"638":10,"650":10,"651":10,"660":10,"661":10,"674":1,"675":1},"path":"/Users/den/Documents/dev/dfile/crypto/storage-protocol/contracts/ProofOfStorage.sol","s":{"1":8,"2":10,"3":10,"4":80,"5":80,"6":70,"7":0,"8":10,"9":0,"10":0,"11":10,"12":10,"13":10,"14":0,"15":11,"16":0,"17":0,"18":0,"19":0,"20":0,"21":8,"22":14,"23":12,"24":2,"25":14,"26":14,"27":14,"28":14,"29":14,"30":14,"31":1,"32":1,"33":8,"34":0,"35":4,"36":4,"37":10,"38":10,"39":10,"40":10,"41":10,"42":0,"43":10,"44":10,"45":0,"46":4,"47":0,"48":4,"49":0,"50":2,"51":10,"52":10,"53":8,"54":8,"55":0,"56":10,"57":0,"58":0,"59":10,"60":10,"61":10,"62":10,"63":10,"64":10,"65":10,"66":10,"67":10,"68":1,"69":10,"70":10,"71":10,"72":10,"73":10,"74":10,"75":10,"76":10,"77":10,"78":10,"79":10,"80":10,"81":10,"82":10,"83":10,"84":10,"85":0,"86":10,"87":10,"88":10,"89":10,"90":10,"91":0,"92":0,"93":10,"94":10,"95":10,"96":10,"97":10,"98":10,"99":1,"100":1},"b":{"1":[70,10],"2":[0,70],"3":[0,10],"4":[0,0],"5":[10,0],"6":[12,2],"7":[14,0],"8":[10,0],"9":[0,10],"10":[0,4],"11":[0,10],"12":[0,0],"13":[10,0],"14":[1,9],"15":[10,0],"16":[10,0],"17":[10,0],"18":[10,0],"19":[10,0],"20":[10,0],"21":[10,0],"22":[0,10],"23":[10,0],"24":[0,10]},"f":{"1":8,"2":10,"3":10,"4":11,"5":0,"6":0,"7":0,"8":8,"9":14,"10":14,"11":1,"12":8,"13":0,"14":4,"15":4,"16":10,"17":4,"18":0,"19":2,"20":10,"21":8,"22":0,"23":10,"24":10,"25":10,"26":10,"27":10,"28":10,"29":10,"30":10,"31":1},"fnMap":{"1":{"name":"constructor","line":35,"loc":{"start":{"line":35,"column":4},"end":{"line":37,"column":4}}},"2":{"name":"isValidMerkleTreeProof","line":40,"loc":{"start":{"line":40,"column":4},"end":{"line":63,"column":4}}},"3":{"name":"isMatchDifficulty","line":74,"loc":{"start":{"line":74,"column":4},"end":{"line":83,"column":4}}},"4":{"name":"getBlockNumber","line":85,"loc":{"start":{"line":85,"column":4},"end":{"line":87,"column":4}}},"5":{"name":"getProof","line":90,"loc":{"start":{"line":90,"column":4},"end":{"line":94,"column":4}}},"6":{"name":"getBlockHash","line":96,"loc":{"start":{"line":96,"column":4},"end":{"line":98,"column":4}}},"7":{"name":"getDifficulty","line":100,"loc":{"start":{"line":100,"column":4},"end":{"line":102,"column":4}}},"8":{"name":"constructor","line":114,"loc":{"start":{"line":114,"column":4},"end":{"line":116,"column":4}}},"9":{"name":"getAvailableDeposit","line":118,"loc":{"start":{"line":118,"column":4},"end":{"line":123,"column":4}}},"10":{"name":"makeDeposit","line":125,"loc":{"start":{"line":125,"column":4},"end":{"line":135,"column":4}}},"11":{"name":"closeDeposit","line":137,"loc":{"start":{"line":137,"column":4},"end":{"line":140,"column":4}}},"12":{"name":"constructor","line":215,"loc":{"start":{"line":211,"column":4},"end":{"line":217,"column":4}}},"13":{"name":"setMaxDeposit","line":223,"loc":{"start":{"line":223,"column":4},"end":{"line":225,"column":4}}},"14":{"name":"changePaymentsVersion","line":227,"loc":{"start":{"line":227,"column":4},"end":{"line":229,"column":4}}},"15":{"name":"setNodeNFTAddress","line":231,"loc":{"start":{"line":231,"column":4},"end":{"line":233,"column":4}}},"16":{"name":"_updateNodeRank","line":235,"loc":{"start":{"line":235,"column":4},"end":{"line":263,"column":4}}},"17":{"name":"turnDebugMode","line":268,"loc":{"start":{"line":268,"column":4},"end":{"line":271,"column":4}}},"18":{"name":"setMinStorage","line":309,"loc":{"start":{"line":309,"column":4},"end":{"line":311,"column":4}}},"19":{"name":"updateBaseDifficulty","line":316,"loc":{"start":{"line":316,"column":4},"end":{"line":318,"column":4}}},"20":{"name":"invisibleMintGasToken","line":324,"loc":{"start":{"line":324,"column":4},"end":{"line":327,"column":4}}},"21":{"name":"changeSystemAddresses","line":335,"loc":{"start":{"line":332,"column":4},"end":{"line":338,"column":4}}},"22":{"name":"sendProof","line":347,"loc":{"start":{"line":347,"column":4},"end":{"line":368,"column":4}}},"23":{"name":"sendProofFrom","line":384,"loc":{"start":{"line":384,"column":4},"end":{"line":440,"column":4}}},"24":{"name":"_updateRootHash","line":451,"loc":{"start":{"line":451,"column":4},"end":{"line":468,"column":4}}},"25":{"name":"verifyFileProof","line":477,"loc":{"start":{"line":477,"column":4},"end":{"line":500,"column":4}}},"26":{"name":"_sendProofFrom","line":502,"loc":{"start":{"line":502,"column":4},"end":{"line":556,"column":4}}},"27":{"name":"getUserRewardInfo","line":569,"loc":{"start":{"line":569,"column":4},"end":{"line":623,"column":4}}},"28":{"name":"_takePay","line":628,"loc":{"start":{"line":628,"column":4},"end":{"line":640,"column":4}}},"29":{"name":"getUserRootHash","line":645,"loc":{"start":{"line":645,"column":4},"end":{"line":652,"column":4}}},"30":{"name":"_updateLastProofTime","line":657,"loc":{"start":{"line":657,"column":4},"end":{"line":662,"column":4}}},"31":{"name":"_updateLastRootHash","line":667,"loc":{"start":{"line":667,"column":4},"end":{"line":682,"column":4}}}},"statementMap":{"1":{"start":{"line":36,"column":8},"end":{"line":36,"column":40}},"2":{"start":{"line":44,"column":8},"end":{"line":44,"column":30}},"3":{"start":{"line":45,"column":8},"end":{"line":45,"column":1182}},"4":{"start":{"line":46,"column":12},"end":{"line":46,"column":1246}},"5":{"start":{"line":49,"column":12},"end":{"line":49,"column":1359}},"6":{"start":{"line":50,"column":16},"end":{"line":50,"column":1415}},"7":{"start":{"line":54,"column":20},"end":{"line":54,"column":32}},"8":{"start":{"line":56,"column":19},"end":{"line":56,"column":1612}},"9":{"start":{"line":57,"column":16},"end":{"line":57,"column":1668}},"10":{"start":{"line":58,"column":20},"end":{"line":58,"column":32}},"11":{"start":{"line":62,"column":8},"end":{"line":62,"column":39}},"12":{"start":{"line":79,"column":8},"end":{"line":79,"column":2264}},"13":{"start":{"line":80,"column":12},"end":{"line":80,"column":23}},"14":{"start":{"line":82,"column":8},"end":{"line":82,"column":20}},"15":{"start":{"line":86,"column":8},"end":{"line":86,"column":35}},"16":{"start":{"line":91,"column":8},"end":{"line":91,"column":89}},"17":{"start":{"line":92,"column":8},"end":{"line":92,"column":40}},"18":{"start":{"line":93,"column":8},"end":{"line":93,"column":32}},"19":{"start":{"line":97,"column":8},"end":{"line":97,"column":28}},"20":{"start":{"line":101,"column":8},"end":{"line":101,"column":30}},"21":{"start":{"line":115,"column":8},"end":{"line":115,"column":34}},"22":{"start":{"line":119,"column":8},"end":{"line":119,"column":3514}},"23":{"start":{"line":120,"column":12},"end":{"line":120,"column":71}},"24":{"start":{"line":122,"column":8},"end":{"line":122,"column":22}},"25":{"start":{"line":128,"column":8},"end":{"line":128,"column":63}},"26":{"start":{"line":129,"column":8},"end":{"line":129,"column":66}},"27":{"start":{"line":130,"column":8},"end":{"line":130,"column":68}},"28":{"start":{"line":132,"column":8},"end":{"line":132,"column":89}},"29":{"start":{"line":133,"column":8},"end":{"line":133,"column":55}},"30":{"start":{"line":134,"column":8},"end":{"line":134,"column":59}},"31":{"start":{"line":138,"column":8},"end":{"line":138,"column":55}},"32":{"start":{"line":139,"column":8},"end":{"line":139,"column":48}},"33":{"start":{"line":216,"column":8},"end":{"line":216,"column":46}},"34":{"start":{"line":224,"column":8},"end":{"line":224,"column":36}},"35":{"start":{"line":228,"column":8},"end":{"line":228,"column":37}},"36":{"start":{"line":232,"column":8},"end":{"line":232,"column":30}},"37":{"start":{"line":236,"column":8},"end":{"line":236,"column":6865}},"38":{"start":{"line":237,"column":12},"end":{"line":237,"column":63}},"39":{"start":{"line":238,"column":12},"end":{"line":238,"column":91}},"40":{"start":{"line":240,"column":12},"end":{"line":240,"column":40}},"41":{"start":{"line":242,"column":12},"end":{"line":242,"column":7145}},"42":{"start":{"line":249,"column":16},"end":{"line":249,"column":97}},"43":{"start":{"line":256,"column":16},"end":{"line":256,"column":60}},"44":{"start":{"line":257,"column":16},"end":{"line":257,"column":97}},"45":{"start":{"line":262,"column":8},"end":{"line":262,"column":33}},"46":{"start":{"line":269,"column":8},"end":{"line":269,"column":8069}},"47":{"start":{"line":269,"column":24},"end":{"line":269,"column":41}},"48":{"start":{"line":270,"column":13},"end":{"line":270,"column":29}},"49":{"start":{"line":310,"column":8},"end":{"line":310,"column":34}},"50":{"start":{"line":317,"column":8},"end":{"line":317,"column":40}},"51":{"start":{"line":325,"column":8},"end":{"line":325,"column":55}},"52":{"start":{"line":326,"column":8},"end":{"line":326,"column":56}},"53":{"start":{"line":336,"column":8},"end":{"line":336,"column":46}},"54":{"start":{"line":337,"column":8},"end":{"line":337,"column":42}},"55":{"start":{"line":357,"column":8},"end":{"line":357,"column":10946}},"56":{"start":{"line":396,"column":8},"end":{"line":396,"column":12437}},"57":{"start":{"line":398,"column":12},"end":{"line":398,"column":12474}},"58":{"start":{"line":406,"column":12},"end":{"line":406,"column":70}},"59":{"start":{"line":414,"column":8},"end":{"line":414,"column":12974}},"60":{"start":{"line":428,"column":8},"end":{"line":428,"column":62}},"61":{"start":{"line":434,"column":8},"end":{"line":434,"column":42}},"62":{"start":{"line":439,"column":8},"end":{"line":439,"column":72}},"63":{"start":{"line":458,"column":8},"end":{"line":458,"column":35}},"64":{"start":{"line":459,"column":8},"end":{"line":459,"column":41}},"65":{"start":{"line":460,"column":8},"end":{"line":460,"column":80}},"66":{"start":{"line":462,"column":8},"end":{"line":462,"column":76}},"67":{"start":{"line":465,"column":8},"end":{"line":465,"column":14449}},"68":{"start":{"line":466,"column":12},"end":{"line":466,"column":89}},"69":{"start":{"line":487,"column":8},"end":{"line":487,"column":67}},"70":{"start":{"line":492,"column":8},"end":{"line":492,"column":15254}},"71":{"start":{"line":499,"column":8},"end":{"line":499,"column":68}},"72":{"start":{"line":513,"column":8},"end":{"line":513,"column":15916}},"73":{"start":{"line":519,"column":8},"end":{"line":519,"column":16139}},"74":{"start":{"line":527,"column":8},"end":{"line":527,"column":42}},"75":{"start":{"line":528,"column":8},"end":{"line":528,"column":16428}},"76":{"start":{"line":533,"column":8},"end":{"line":533,"column":16524}},"77":{"start":{"line":537,"column":8},"end":{"line":537,"column":16648}},"78":{"start":{"line":541,"column":8},"end":{"line":541,"column":16774}},"79":{"start":{"line":550,"column":8},"end":{"line":550,"column":16995}},"80":{"start":{"line":555,"column":8},"end":{"line":555,"column":32}},"81":{"start":{"line":577,"column":8},"end":{"line":577,"column":63}},"82":{"start":{"line":586,"column":8},"end":{"line":586,"column":66}},"83":{"start":{"line":588,"column":8},"end":{"line":588,"column":65}},"84":{"start":{"line":593,"column":8},"end":{"line":593,"column":18146}},"85":{"start":{"line":594,"column":12},"end":{"line":594,"column":51}},"86":{"start":{"line":600,"column":8},"end":{"line":600,"column":18339}},"87":{"start":{"line":601,"column":12},"end":{"line":601,"column":32}},"88":{"start":{"line":620,"column":8},"end":{"line":620,"column":109}},"89":{"start":{"line":622,"column":8},"end":{"line":622,"column":44}},"90":{"start":{"line":633,"column":8},"end":{"line":633,"column":19292}},"91":{"start":{"line":634,"column":12},"end":{"line":634,"column":65}},"92":{"start":{"line":635,"column":12},"end":{"line":635,"column":70}},"93":{"start":{"line":637,"column":12},"end":{"line":637,"column":59}},"94":{"start":{"line":638,"column":12},"end":{"line":638,"column":58}},"95":{"start":{"line":650,"column":8},"end":{"line":650,"column":66}},"96":{"start":{"line":651,"column":8},"end":{"line":651,"column":46}},"97":{"start":{"line":660,"column":8},"end":{"line":660,"column":66}},"98":{"start":{"line":661,"column":8},"end":{"line":661,"column":50}},"99":{"start":{"line":674,"column":8},"end":{"line":674,"column":66}},"100":{"start":{"line":675,"column":8},"end":{"line":675,"column":20496}}},"branchMap":{"1":{"line":49,"type":"if","locations":[{"start":{"line":49,"column":12},"end":{"line":49,"column":12}},{"start":{"line":49,"column":12},"end":{"line":49,"column":12}}]},"2":{"line":50,"type":"if","locations":[{"start":{"line":50,"column":16},"end":{"line":50,"column":16}},{"start":{"line":50,"column":16},"end":{"line":50,"column":16}}]},"3":{"line":56,"type":"if","locations":[{"start":{"line":56,"column":19},"end":{"line":56,"column":19}},{"start":{"line":56,"column":19},"end":{"line":56,"column":19}}]},"4":{"line":57,"type":"if","locations":[{"start":{"line":57,"column":16},"end":{"line":57,"column":16}},{"start":{"line":57,"column":16},"end":{"line":57,"column":16}}]},"5":{"line":79,"type":"if","locations":[{"start":{"line":79,"column":8},"end":{"line":79,"column":8}},{"start":{"line":79,"column":8},"end":{"line":79,"column":8}}]},"6":{"line":119,"type":"if","locations":[{"start":{"line":119,"column":8},"end":{"line":119,"column":8}},{"start":{"line":119,"column":8},"end":{"line":119,"column":8}}]},"7":{"line":130,"type":"if","locations":[{"start":{"line":130,"column":8},"end":{"line":130,"column":8}},{"start":{"line":130,"column":8},"end":{"line":130,"column":8}}]},"8":{"line":236,"type":"if","locations":[{"start":{"line":236,"column":8},"end":{"line":236,"column":8}},{"start":{"line":236,"column":8},"end":{"line":236,"column":8}}]},"9":{"line":242,"type":"if","locations":[{"start":{"line":242,"column":12},"end":{"line":242,"column":12}},{"start":{"line":242,"column":12},"end":{"line":242,"column":12}}]},"10":{"line":269,"type":"if","locations":[{"start":{"line":269,"column":8},"end":{"line":269,"column":8}},{"start":{"line":269,"column":8},"end":{"line":269,"column":8}}]},"11":{"line":396,"type":"if","locations":[{"start":{"line":396,"column":8},"end":{"line":396,"column":8}},{"start":{"line":396,"column":8},"end":{"line":396,"column":8}}]},"12":{"line":406,"type":"if","locations":[{"start":{"line":406,"column":12},"end":{"line":406,"column":12}},{"start":{"line":406,"column":12},"end":{"line":406,"column":12}}]},"13":{"line":462,"type":"if","locations":[{"start":{"line":462,"column":8},"end":{"line":462,"column":8}},{"start":{"line":462,"column":8},"end":{"line":462,"column":8}}]},"14":{"line":465,"type":"if","locations":[{"start":{"line":465,"column":8},"end":{"line":465,"column":8}},{"start":{"line":465,"column":8},"end":{"line":465,"column":8}}]},"15":{"line":487,"type":"if","locations":[{"start":{"line":487,"column":8},"end":{"line":487,"column":8}},{"start":{"line":487,"column":8},"end":{"line":487,"column":8}}]},"16":{"line":513,"type":"if","locations":[{"start":{"line":513,"column":8},"end":{"line":513,"column":8}},{"start":{"line":513,"column":8},"end":{"line":513,"column":8}}]},"17":{"line":533,"type":"if","locations":[{"start":{"line":533,"column":8},"end":{"line":533,"column":8}},{"start":{"line":533,"column":8},"end":{"line":533,"column":8}}]},"18":{"line":537,"type":"if","locations":[{"start":{"line":537,"column":8},"end":{"line":537,"column":8}},{"start":{"line":537,"column":8},"end":{"line":537,"column":8}}]},"19":{"line":541,"type":"if","locations":[{"start":{"line":541,"column":8},"end":{"line":541,"column":8}},{"start":{"line":541,"column":8},"end":{"line":541,"column":8}}]},"20":{"line":550,"type":"if","locations":[{"start":{"line":550,"column":8},"end":{"line":550,"column":8}},{"start":{"line":550,"column":8},"end":{"line":550,"column":8}}]},"21":{"line":577,"type":"if","locations":[{"start":{"line":577,"column":8},"end":{"line":577,"column":8}},{"start":{"line":577,"column":8},"end":{"line":577,"column":8}}]},"22":{"line":593,"type":"if","locations":[{"start":{"line":593,"column":8},"end":{"line":593,"column":8}},{"start":{"line":593,"column":8},"end":{"line":593,"column":8}}]},"23":{"line":600,"type":"if","locations":[{"start":{"line":600,"column":8},"end":{"line":600,"column":8}},{"start":{"line":600,"column":8},"end":{"line":600,"column":8}}]},"24":{"line":633,"type":"if","locations":[{"start":{"line":633,"column":8},"end":{"line":633,"column":8}},{"start":{"line":633,"column":8},"end":{"line":633,"column":8}}]}}},
"contracts/Reward.sol":{"l":{"29":4,"33":0,"34":0,"35":0,"36":0,"37":0},"path":"/Users/den/Documents/dev/dfile/crypto/storage-protocol/contracts/Reward.sol","s":{"1":4,"2":0,"3":0,"4":0,"5":0,"6":0},"b":{"1":[0,0]},"f":{"1":4,"2":0},"fnMap":{"1":{"name":"constructor","line":28,"loc":{"start":{"line":28,"column":4},"end":{"line":30,"column":4}}},"2":{"name":"addReward","line":32,"loc":{"start":{"line":32,"column":4},"end":{"line":38,"column":4}}}},"statementMap":{"1":{"start":{"line":29,"column":8},"end":{"line":29,"column":40}},"2":{"start":{"line":33,"column":8},"end":{"line":33,"column":87}},"3":{"start":{"line":34,"column":8},"end":{"line":34,"column":65}},"4":{"start":{"line":35,"column":8},"end":{"line":35,"column":61}},"5":{"start":{"line":36,"column":8},"end":{"line":36,"column":42}},"6":{"start":{"line":37,"column":8},"end":{"line":37,"column":56}}},"branchMap":{"1":{"line":33,"type":"if","locations":[{"start":{"line":33,"column":8},"end":{"line":33,"column":8}},{"start":{"line":33,"column":8},"end":{"line":33,"column":8}}]}}},
"contracts/StorageToken.sol":{"l":{"57":0,"58":0,"62":0,"67":0,"71":0,"75":0,"76":0,"79":0,"80":0,"83":0,"84":0,"98":8,"103":8,"106":14,"107":14,"111":1,"112":1,"115":1,"119":0,"126":0,"130":14,"131":14,"132":14,"133":14,"134":14,"135":14,"136":14,"140":0,"141":0,"145":0,"149":1,"151":1,"152":1,"153":1,"154":1,"155":1,"156":1,"160":0,"165":0,"166":0,"167":0,"168":0,"169":0,"170":0,"176":0,"177":0,"181":0,"182":0,"186":0,"187":0,"188":0,"189":0,"191":0,"195":0,"196":0,"197":0,"198":0},"path":"/Users/den/Documents/dev/dfile/crypto/storage-protocol/contracts/StorageToken.sol","s":{"1":0,"2":0,"3":0,"4":0,"5":0,"6":0,"7":0,"8":0,"9":0,"10":0,"11":0,"12":8,"13":8,"14":14,"15":14,"16":1,"17":1,"18":1,"19":0,"20":0,"21":14,"22":14,"23":14,"24":14,"25":14,"26":14,"27":14,"28":0,"29":0,"30":0,"31":1,"32":1,"33":1,"34":1,"35":1,"36":1,"37":1,"38":0,"39":0,"40":0,"41":0,"42":0,"43":0,"44":0,"45":0,"46":0,"47":0,"48":0,"49":0,"50":0,"51":0,"52":0,"53":0,"54":0,"55":0,"56":0,"57":0},"b":{"1":[0,0],"2":[0,0],"3":[0,0],"4":[0,0],"5":[14,0],"6":[1,0],"7":[14,0],"8":[1,0],"9":[0,0],"10":[0,0]},"f":{"1":0,"2":0,"3":0,"4":0,"5":0,"6":0,"7":0,"8":8,"9":8,"10":14,"11":1,"12":1,"13":0,"14":0,"15":14,"16":0,"17":0,"18":1,"19":0,"20":0,"21":0,"22":0,"23":0,"24":0},"fnMap":{"1":{"name":"_addFee","line":56,"loc":{"start":{"line":56,"column":4},"end":{"line":59,"column":4}}},"2":{"name":"calc_payout_fee","line":61,"loc":{"start":{"line":61,"column":4},"end":{"line":63,"column":4}}},"3":{"name":"toFeelessPayout","line":66,"loc":{"start":{"line":66,"column":4},"end":{"line":68,"column":4}}},"4":{"name":"change_fee_limit","line":70,"loc":{"start":{"line":70,"column":4},"end":{"line":72,"column":4}}},"5":{"name":"change_payout_fee","line":74,"loc":{"start":{"line":74,"column":4},"end":{"line":77,"column":4}}},"6":{"name":"change_payin_fee","line":78,"loc":{"start":{"line":78,"column":4},"end":{"line":81,"column":4}}},"7":{"name":"change_recipient_fee","line":82,"loc":{"start":{"line":82,"column":4},"end":{"line":85,"column":4}}},"8":{"name":"constructor","line":97,"loc":{"start":{"line":97,"column":4},"end":{"line":99,"column":4}}},"9":{"name":"changeTokenAddress","line":102,"loc":{"start":{"line":102,"column":4},"end":{"line":104,"column":4}}},"10":{"name":"_getDepositReturns","line":105,"loc":{"start":{"line":105,"column":4},"end":{"line":108,"column":4}}},"11":{"name":"_getWidthdrawithReturns","line":110,"loc":{"start":{"line":110,"column":4},"end":{"line":113,"column":4}}},"12":{"name":"feelessBalance","line":114,"loc":{"start":{"line":114,"column":4},"end":{"line":116,"column":4}}},"13":{"name":"getWidthdrawtReturns","line":118,"loc":{"start":{"line":118,"column":4},"end":{"line":120,"column":4}}},"14":{"name":"_deposit","line":125,"loc":{"start":{"line":125,"column":4},"end":{"line":127,"column":4}}},"15":{"name":"_depositByAddress","line":129,"loc":{"start":{"line":129,"column":4},"end":{"line":137,"column":4}}},"16":{"name":"_updatePairTokenBalance","line":139,"loc":{"start":{"line":139,"column":4},"end":{"line":142,"column":4}}},"17":{"name":"_closeAllDeposit","line":144,"loc":{"start":{"line":144,"column":4},"end":{"line":146,"column":4}}},"18":{"name":"_closeAllDeposiByAddresst","line":148,"loc":{"start":{"line":148,"column":4},"end":{"line":157,"column":4}}},"19":{"name":"_closePartOfDeposit","line":159,"loc":{"start":{"line":159,"column":4},"end":{"line":161,"column":4}}},"20":{"name":"_closePartOfDepositByAddress","line":163,"loc":{"start":{"line":163,"column":4},"end":{"line":172,"column":4}}},"21":{"name":"testMint","line":175,"loc":{"start":{"line":175,"column":4},"end":{"line":178,"column":4}}},"22":{"name":"testBurn","line":180,"loc":{"start":{"line":180,"column":4},"end":{"line":183,"column":4}}},"23":{"name":"distruct","line":185,"loc":{"start":{"line":185,"column":4},"end":{"line":192,"column":4}}},"24":{"name":"_collectFee","line":194,"loc":{"start":{"line":194,"column":4},"end":{"line":200,"column":4}}}},"statementMap":{"1":{"start":{"line":57,"column":8},"end":{"line":57,"column":26}},"2":{"start":{"line":58,"column":8},"end":{"line":58,"column":48}},"3":{"start":{"line":62,"column":8},"end":{"line":62,"column":50}},"4":{"start":{"line":67,"column":8},"end":{"line":67,"column":94}},"5":{"start":{"line":71,"column":8},"end":{"line":71,"column":32}},"6":{"start":{"line":75,"column":8},"end":{"line":75,"column":60}},"7":{"start":{"line":76,"column":8},"end":{"line":76,"column":27}},"8":{"start":{"line":79,"column":8},"end":{"line":79,"column":60}},"9":{"start":{"line":80,"column":8},"end":{"line":80,"column":26}},"10":{"start":{"line":83,"column":8},"end":{"line":83,"column":65}},"11":{"start":{"line":84,"column":8},"end":{"line":84,"column":41}},"12":{"start":{"line":98,"column":8},"end":{"line":98,"column":46}},"13":{"start":{"line":103,"column":8},"end":{"line":103,"column":36}},"14":{"start":{"line":106,"column":8},"end":{"line":106,"column":60}},"15":{"start":{"line":107,"column":9},"end":{"line":107,"column":104}},"16":{"start":{"line":111,"column":8},"end":{"line":111,"column":60}},"17":{"start":{"line":112,"column":8},"end":{"line":112,"column":62}},"18":{"start":{"line":115,"column":8},"end":{"line":115,"column":33}},"19":{"start":{"line":119,"column":8},"end":{"line":119,"column":63}},"20":{"start":{"line":126,"column":8},"end":{"line":126,"column":44}},"21":{"start":{"line":130,"column":8},"end":{"line":130,"column":51}},"22":{"start":{"line":131,"column":8},"end":{"line":131,"column":63}},"23":{"start":{"line":132,"column":8},"end":{"line":132,"column":102}},"24":{"start":{"line":133,"column":8},"end":{"line":133,"column":62}},"25":{"start":{"line":134,"column":8},"end":{"line":134,"column":47}},"26":{"start":{"line":135,"column":8},"end":{"line":135,"column":50}},"27":{"start":{"line":136,"column":8},"end":{"line":136,"column":54}},"28":{"start":{"line":140,"column":8},"end":{"line":140,"column":52}},"29":{"start":{"line":141,"column":8},"end":{"line":141,"column":61}},"30":{"start":{"line":145,"column":8},"end":{"line":145,"column":44}},"31":{"start":{"line":149,"column":8},"end":{"line":149,"column":77}},"32":{"start":{"line":151,"column":8},"end":{"line":151,"column":51}},"33":{"start":{"line":152,"column":8},"end":{"line":152,"column":60}},"34":{"start":{"line":153,"column":8},"end":{"line":153,"column":74}},"35":{"start":{"line":154,"column":8},"end":{"line":154,"column":60}},"36":{"start":{"line":155,"column":8},"end":{"line":155,"column":41}},"37":{"start":{"line":156,"column":8},"end":{"line":156,"column":47}},"38":{"start":{"line":160,"column":8},"end":{"line":160,"column":55}},"39":{"start":{"line":165,"column":8},"end":{"line":165,"column":51}},"40":{"start":{"line":166,"column":8},"end":{"line":166,"column":67}},"41":{"start":{"line":167,"column":8},"end":{"line":167,"column":62}},"42":{"start":{"line":168,"column":8},"end":{"line":168,"column":60}},"43":{"start":{"line":169,"column":8},"end":{"line":169,"column":29}},"44":{"start":{"line":170,"column":8},"end":{"line":170,"column":48}},"45":{"start":{"line":176,"column":8},"end":{"line":176,"column":24}},"46":{"start":{"line":177,"column":8},"end":{"line":177,"column":32}},"47":{"start":{"line":181,"column":8},"end":{"line":181,"column":24}},"48":{"start":{"line":182,"column":8},"end":{"line":182,"column":32}},"49":{"start":{"line":186,"column":8},"end":{"line":186,"column":24}},"50":{"start":{"line":187,"column":8},"end":{"line":187,"column":26}},"51":{"start":{"line":188,"column":8},"end":{"line":188,"column":51}},"52":{"start":{"line":189,"column":8},"end":{"line":189,"column":73}},"53":{"start":{"line":191,"column":8},"end":{"line":191,"column":37}},"54":{"start":{"line":195,"column":8},"end":{"line":195,"column":6856}},"55":{"start":{"line":196,"column":12},"end":{"line":196,"column":81}},"56":{"start":{"line":197,"column":12},"end":{"line":197,"column":81}},"57":{"start":{"line":198,"column":12},"end":{"line":198,"column":28}}},"branchMap":{"1":{"line":57,"type":"if","locations":[{"start":{"line":57,"column":8},"end":{"line":57,"column":8}},{"start":{"line":57,"column":8},"end":{"line":57,"column":8}}]},"2":{"line":75,"type":"if","locations":[{"start":{"line":75,"column":8},"end":{"line":75,"column":8}},{"start":{"line":75,"column":8},"end":{"line":75,"column":8}}]},"3":{"line":79,"type":"if","locations":[{"start":{"line":79,"column":8},"end":{"line":79,"column":8}},{"start":{"line":79,"column":8},"end":{"line":79,"column":8}}]},"4":{"line":83,"type":"if","locations":[{"start":{"line":83,"column":8},"end":{"line":83,"column":8}},{"start":{"line":83,"column":8},"end":{"line":83,"column":8}}]},"5":{"line":106,"type":"if","locations":[{"start":{"line":106,"column":8},"end":{"line":106,"column":8}},{"start":{"line":106,"column":8},"end":{"line":106,"column":8}}]},"6":{"line":111,"type":"if","locations":[{"start":{"line":111,"column":8},"end":{"line":111,"column":8}},{"start":{"line":111,"column":8},"end":{"line":111,"column":8}}]},"7":{"line":132,"type":"if","locations":[{"start":{"line":132,"column":8},"end":{"line":132,"column":8}},{"start":{"line":132,"column":8},"end":{"line":132,"column":8}}]},"8":{"line":149,"type":"if","locations":[{"start":{"line":149,"column":8},"end":{"line":149,"column":8}},{"start":{"line":149,"column":8},"end":{"line":149,"column":8}}]},"9":{"line":166,"type":"if","locations":[{"start":{"line":166,"column":8},"end":{"line":166,"column":8}},{"start":{"line":166,"column":8},"end":{"line":166,"column":8}}]},"10":{"line":195,"type":"if","locations":[{"start":{"line":195,"column":8},"end":{"line":195,"column":8}},{"start":{"line":195,"column":8},"end":{"line":195,"column":8}}]}}},
"contracts/UserStorage.sol":{"l":{"28":11,"29":11,"33":8,"34":8,"38":0,"39":0,"43":10,"56":1,"61":1,"62":1,"63":1,"65":1,"75":10,"84":10},"path":"/Users/den/Documents/dev/dfile/crypto/storage-protocol/contracts/UserStorage.sol","s":{"1":11,"2":8,"3":8,"4":0,"5":0,"6":10,"7":1,"8":1,"9":1,"10":1,"11":1,"12":10,"13":10},"b":{"1":[11,0],"2":[1,0]},"f":{"1":11,"2":8,"3":0,"4":10,"5":1,"6":10,"7":10},"fnMap":{"1":{"name":"onlyPoS","line":27,"loc":{"start":{"line":27,"column":4},"end":{"line":30,"column":4}}},"2":{"name":"constructor","line":32,"loc":{"start":{"line":32,"column":4},"end":{"line":35,"column":4}}},"3":{"name":"changePoS","line":37,"loc":{"start":{"line":37,"column":4},"end":{"line":40,"column":4}}},"4":{"name":"getUserRootHash","line":42,"loc":{"start":{"line":42,"column":4},"end":{"line":47,"column":4}}},"5":{"name":"updateRootHash","line":55,"loc":{"start":{"line":49,"column":4},"end":{"line":66,"column":4}}},"6":{"name":"updateLastProofTime","line":74,"loc":{"start":{"line":74,"column":4},"end":{"line":76,"column":4}}},"7":{"name":"getPeriodFromLastProof","line":83,"loc":{"start":{"line":83,"column":4},"end":{"line":85,"column":4}}}},"statementMap":{"1":{"start":{"line":28,"column":8},"end":{"line":28,"column":62}},"2":{"start":{"line":33,"column":8},"end":{"line":33,"column":19}},"3":{"start":{"line":34,"column":8},"end":{"line":34,"column":38}},"4":{"start":{"line":38,"column":8},"end":{"line":38,"column":42}},"5":{"start":{"line":39,"column":8},"end":{"line":39,"column":44}},"6":{"start":{"line":43,"column":8},"end":{"line":43,"column":1101}},"7":{"start":{"line":56,"column":8},"end":{"line":56,"column":1446}},"8":{"start":{"line":61,"column":8},"end":{"line":61,"column":61}},"9":{"start":{"line":62,"column":8},"end":{"line":62,"column":43}},"10":{"start":{"line":63,"column":8},"end":{"line":63,"column":67}},"11":{"start":{"line":65,"column":8},"end":{"line":65,"column":69}},"12":{"start":{"line":75,"column":8},"end":{"line":75,"column":62}},"13":{"start":{"line":84,"column":8},"end":{"line":84,"column":70}}},"branchMap":{"1":{"line":28,"type":"if","locations":[{"start":{"line":28,"column":8},"end":{"line":28,"column":8}},{"start":{"line":28,"column":8},"end":{"line":28,"column":8}}]},"2":{"line":56,"type":"if","locations":[{"start":{"line":56,"column":8},"end":{"line":56,"column":8}},{"start":{"line":56,"column":8},"end":{"line":56,"column":8}}]}}}}
