TN:
SF:/Users/den/Documents/dev/dfile/crypto/storage-protocol/contracts/ContractStorage.sol
FN:35,getContractAddress
FN:48,getContractAddressViaName
FN:55,_updateVersion
FN:70,stringToContractName
FN:101,updateVersion
FN:112,getContractListOfNetwork
FN:116,getNetworkLists
FNF:7
FNH:0
FNDA:0,getContractAddress
FNDA:0,getContractAddressViaName
FNDA:0,_updateVersion
FNDA:0,stringToContractName
FNDA:0,updateVersion
FNDA:0,getContractListOfNetwork
FNDA:0,getNetworkLists
DA:36,0
DA:37,0
DA:38,0
DA:40,0
DA:49,0
DA:56,0
DA:71,0
DA:102,0
DA:103,0
DA:104,0
DA:105,0
DA:107,0
DA:109,0
DA:113,0
DA:117,0
LF:15
LH:0
BRDA:37,1,0,0
BRDA:37,1,1,0
BRDA:103,2,0,0
BRDA:103,2,1,0
BRDA:104,3,0,0
BRDA:104,3,1,0
BRF:6
BRH:0
end_of_record
TN:
SF:/Users/den/Documents/dev/dfile/crypto/storage-protocol/contracts/ERC20Unsafe.sol
FN:51,constructor
FN:59,name
FN:67,symbol
FN:84,decimals
FN:91,totalSupply
FN:98,balanceOf
FN:110,transfer
FN:118,allowance
FN:129,approve
FN:147,transferFrom
FN:169,increaseAllowance
FN:188,decreaseAllowance
FN:210,_transfer
FN:233,_mint
FN:254,_burn
FN:280,_approve
FN:302,_beforeTokenTransfer
FNF:17
FNH:8
FNDA:8,constructor
FNDA:0,name
FNDA:0,symbol
FNDA:0,decimals
FNDA:15,totalSupply
FNDA:16,balanceOf
FNDA:2,transfer
FNDA:0,allowance
FNDA:0,approve
FNDA:0,transferFrom
FNDA:0,increaseAllowance
FNDA:0,decreaseAllowance
FNDA:2,_transfer
FNDA:22,_mint
FNDA:1,_burn
FNDA:0,_approve
FNDA:25,_beforeTokenTransfer
DA:52,8
DA:53,8
DA:60,0
DA:68,0
DA:85,0
DA:92,15
DA:99,16
DA:111,2
DA:112,2
DA:119,0
DA:130,0
DA:131,0
DA:148,0
DA:150,0
DA:151,0
DA:152,0
DA:154,0
DA:170,0
DA:171,0
DA:189,0
DA:190,0
DA:191,0
DA:193,0
DA:211,2
DA:212,2
DA:214,2
DA:216,2
DA:217,2
DA:218,2
DA:219,2
DA:221,2
DA:234,22
DA:236,22
DA:238,22
DA:239,22
DA:240,22
DA:255,1
DA:257,1
DA:259,1
DA:260,1
DA:261,1
DA:262,1
DA:264,1
DA:281,0
DA:282,0
DA:284,0
DA:285,0
LF:47
LH:26
BRDA:151,1,0,0
BRDA:151,1,1,0
BRDA:190,2,0,0
BRDA:190,2,1,0
BRDA:211,3,0,2
BRDA:211,3,1,0
BRDA:212,4,0,2
BRDA:212,4,1,0
BRDA:217,5,0,2
BRDA:217,5,1,0
BRDA:234,6,0,22
BRDA:234,6,1,0
BRDA:255,7,0,1
BRDA:255,7,1,0
BRDA:260,8,0,1
BRDA:260,8,1,0
BRDA:281,9,0,0
BRDA:281,9,1,0
BRDA:282,10,0,0
BRDA:282,10,1,0
BRF:20
BRH:6
end_of_record
TN:
SF:/Users/den/Documents/dev/dfile/crypto/storage-protocol/contracts/ERC20Vesting.sol
FN:34,createVesting
FN:46,getAmountToWithdraw
FN:66,withdraw
FNF:3
FNH:0
FNDA:0,createVesting
FNDA:0,getAmountToWithdraw
FNDA:0,withdraw
DA:35,0
DA:36,0
DA:37,0
DA:38,0
DA:40,0
DA:47,0
DA:49,0
DA:50,0
DA:52,0
DA:53,0
DA:54,0
DA:55,0
DA:57,0
DA:59,0
DA:67,0
DA:68,0
DA:70,0
DA:71,0
LF:18
LH:0
BRDA:35,1,0,0
BRDA:35,1,1,0
BRDA:36,2,0,0
BRDA:36,2,1,0
BRDA:37,3,0,0
BRDA:37,3,1,0
BRDA:38,4,0,0
BRDA:38,4,1,0
BRDA:49,5,0,0
BRDA:49,5,1,0
BRDA:54,6,0,0
BRDA:54,6,1,0
BRF:12
BRH:0
end_of_record
TN:
SF:/Users/den/Documents/dev/dfile/crypto/storage-protocol/contracts/Governance.sol
FN:31,constructor
FN:39,getCurPeriod
FN:43,getCurrentState
FN:56,_updateVotes
FN:66,voteFor
FN:94,constructor
FN:98,updateLockTime
FN:102,balanceOf
FN:110,vote
FN:122,depositToken
FN:135,withdrawToken
FNF:11
FNH:2
FNDA:0,constructor
FNDA:0,getCurPeriod
FNDA:0,getCurrentState
FNDA:0,_updateVotes
FNDA:0,voteFor
FNDA:1,constructor
FNDA:0,updateLockTime
FNDA:0,balanceOf
FNDA:0,vote
FNDA:1,depositToken
FNDA:0,withdrawToken
DA:32,0
DA:33,0
DA:34,0
DA:35,0
DA:36,0
DA:40,0
DA:44,0
DA:45,0
DA:46,0
DA:48,0
DA:49,0
DA:51,0
DA:57,0
DA:58,0
DA:60,0
DA:62,0
DA:63,0
DA:67,0
DA:68,0
DA:69,0
DA:70,0
DA:71,0
DA:72,0
DA:73,0
DA:75,0
DA:76,0
DA:77,0
DA:78,0
DA:95,1
DA:99,0
DA:104,0
DA:105,0
DA:107,0
DA:111,0
DA:112,0
DA:113,0
DA:114,0
DA:116,0
DA:118,0
DA:119,0
DA:127,1
DA:128,1
DA:129,1
DA:130,1
DA:131,1
DA:132,1
DA:136,0
DA:137,0
DA:138,0
DA:139,0
DA:140,0
LF:51
LH:7
BRDA:45,1,0,0
BRDA:45,1,1,0
BRDA:48,2,0,0
BRDA:48,2,1,0
BRDA:57,3,0,0
BRDA:57,3,1,0
BRDA:67,4,0,0
BRDA:67,4,1,0
BRDA:68,5,0,0
BRDA:68,5,1,0
BRDA:69,6,0,0
BRDA:69,6,1,0
BRDA:71,7,0,0
BRDA:71,7,1,0
BRDA:76,8,0,0
BRDA:76,8,1,0
BRDA:104,9,0,0
BRDA:104,9,1,0
BRDA:112,10,0,0
BRDA:112,10,1,0
BRDA:113,11,0,0
BRDA:113,11,1,0
BRDA:129,12,0,1
BRDA:129,12,1,0
BRDA:137,13,0,0
BRDA:137,13,1,0
BRF:26
BRH:1
end_of_record
TN:
SF:/Users/den/Documents/dev/dfile/crypto/storage-protocol/contracts/interfaces/IContractStorage.sol
FNF:0
FNH:0
LF:0
LH:0
BRF:0
BRH:0
end_of_record
TN:
SF:/Users/den/Documents/dev/dfile/crypto/storage-protocol/contracts/interfaces/IGovernance.sol
FNF:0
FNH:0
LF:0
LH:0
BRF:0
BRH:0
end_of_record
TN:
SF:/Users/den/Documents/dev/dfile/crypto/storage-protocol/contracts/interfaces/INodeNFT.sol
FNF:0
FNH:0
LF:0
LH:0
BRF:0
BRH:0
end_of_record
TN:
SF:/Users/den/Documents/dev/dfile/crypto/storage-protocol/contracts/interfaces/IOldPayments.sol
FNF:0
FNH:0
LF:0
LH:0
BRF:0
BRH:0
end_of_record
TN:
SF:/Users/den/Documents/dev/dfile/crypto/storage-protocol/contracts/interfaces/IPayments.sol
FNF:0
FNH:0
LF:0
LH:0
BRF:0
BRH:0
end_of_record
TN:
SF:/Users/den/Documents/dev/dfile/crypto/storage-protocol/contracts/interfaces/IPoSAdmin.sol
FNF:0
FNH:0
LF:0
LH:0
BRF:0
BRH:0
end_of_record
TN:
SF:/Users/den/Documents/dev/dfile/crypto/storage-protocol/contracts/interfaces/IProofOfStorage.sol
FNF:0
FNH:0
LF:0
LH:0
BRF:0
BRH:0
end_of_record
TN:
SF:/Users/den/Documents/dev/dfile/crypto/storage-protocol/contracts/interfaces/IStorageToken.sol
FNF:0
FNH:0
LF:0
LH:0
BRF:0
BRH:0
end_of_record
TN:
SF:/Users/den/Documents/dev/dfile/crypto/storage-protocol/contracts/interfaces/IUserStorage.sol
FNF:0
FNH:0
LF:0
LH:0
BRF:0
BRH:0
end_of_record
TN:
SF:/Users/den/Documents/dev/dfile/crypto/storage-protocol/contracts/NodeNFT.sol
FN:25,balanceOf
FN:30,getNodeIDByAddress
FN:34,ownerOf
FN:40,_mint
FN:46,_burn
FN:51,_removeTokenFrom
FN:57,_transferFrom
FN:68,_addTokenTo
FN:74,_exists
FN:95,constructor
FN:100,name
FN:104,symbol
FN:109,nodeInfo
FN:114,_setNodeInfo
FN:135,_burnNode
FN:144,_increaseRank
FN:167,constructor
FN:178,changeWhiteListStatus
FN:185,addToWhiteList
FN:189,whiteListMany
FN:198,updateNodesLimit
FN:213,addSuccessProof
FN:231,createNode
FN:251,updateNode
FN:255,totalSupply
FN:259,stealNode
FN:269,getLastUpdateByAddress
FNF:27
FNH:15
FNDA:0,balanceOf
FNDA:13,getNodeIDByAddress
FNDA:3,ownerOf
FNDA:10,_mint
FNDA:0,_burn
FNDA:0,_removeTokenFrom
FNDA:0,_transferFrom
FNDA:10,_addTokenTo
FNDA:23,_exists
FNDA:7,constructor
FNDA:0,name
FNDA:0,symbol
FNDA:10,nodeInfo
FNDA:13,_setNodeInfo
FNDA:0,_burnNode
FNDA:11,_increaseRank
FNDA:7,constructor
FNDA:0,changeWhiteListStatus
FNDA:10,addToWhiteList
FNDA:0,whiteListMany
FNDA:0,updateNodesLimit
FNDA:10,addSuccessProof
FNDA:10,createNode
FNDA:3,updateNode
FNDA:0,totalSupply
FNDA:0,stealNode
FNDA:10,getLastUpdateByAddress
DA:26,0
DA:27,0
DA:31,13
DA:35,3
DA:36,3
DA:37,3
DA:41,10
DA:42,10
DA:43,10
DA:47,0
DA:48,0
DA:52,0
DA:53,0
DA:54,0
DA:58,0
DA:59,0
DA:60,0
DA:61,0
DA:62,0
DA:63,0
DA:64,0
DA:69,10
DA:70,10
DA:71,10
DA:75,23
DA:76,23
DA:96,7
DA:97,7
DA:101,0
DA:105,0
DA:110,10
DA:111,10
DA:115,13
DA:117,13
DA:118,13
DA:119,13
DA:120,10
DA:123,3
DA:124,3
DA:127,13
DA:128,13
DA:132,13
DA:136,0
DA:139,0
DA:140,0
DA:145,11
DA:146,11
DA:168,7
DA:179,0
DA:186,10
DA:190,0
DA:191,0
DA:199,0
DA:214,10
DA:215,10
DA:216,10
DA:217,1
DA:218,1
DA:219,1
DA:222,1
DA:224,10
DA:233,10
DA:236,10
DA:239,10
DA:240,10
DA:243,10
DA:244,10
DA:245,10
DA:246,10
DA:247,10
DA:248,10
DA:252,3
DA:253,3
DA:256,0
DA:260,0
DA:261,0
DA:262,0
DA:263,0
DA:264,0
DA:265,0
DA:266,0
DA:270,10
LF:82
LH:51
BRDA:26,1,0,0
BRDA:26,1,1,0
BRDA:36,2,0,3
BRDA:36,2,1,0
BRDA:41,3,0,10
BRDA:41,3,1,0
BRDA:52,4,0,0
BRDA:52,4,1,0
BRDA:58,5,0,0
BRDA:58,5,1,0
BRDA:69,6,0,10
BRDA:69,6,1,0
BRDA:110,7,0,10
BRDA:110,7,1,0
BRDA:115,8,0,13
BRDA:115,8,1,0
BRDA:119,9,0,10
BRDA:119,9,1,3
BRDA:139,10,0,0
BRDA:139,10,1,0
BRDA:214,11,0,10
BRDA:214,11,1,0
BRDA:216,12,0,1
BRDA:216,12,1,9
BRDA:233,13,0,10
BRDA:233,13,1,0
BRDA:236,14,0,10
BRDA:236,14,1,0
BRDA:239,15,0,10
BRDA:239,15,1,0
BRDA:240,16,0,10
BRDA:240,16,1,0
BRDA:252,17,0,3
BRDA:252,17,1,0
BRDA:260,18,0,0
BRDA:260,18,1,0
BRDA:261,19,0,0
BRDA:261,19,1,0
BRDA:263,20,0,0
BRDA:263,20,1,0
BRF:40
BRH:15
end_of_record
TN:
SF:/Users/den/Documents/dev/dfile/crypto/storage-protocol/contracts/Payments.sol
FN:33,constructor
FN:37,getBalance
FN:41,localTransferFrom
FN:53,depositToLocal
FN:62,closeDeposit
FNF:5
FNH:4
FNDA:8,constructor
FNDA:0,getBalance
FNDA:20,localTransferFrom
FNDA:14,depositToLocal
FNDA:1,closeDeposit
DA:38,0
DA:42,20
DA:43,20
DA:45,20
DA:46,20
DA:48,20
DA:54,14
DA:63,1
LF:8
LH:7
BRDA:42,1,0,20
BRDA:42,1,1,0
BRDA:43,2,0,20
BRDA:43,2,1,0
BRF:4
BRH:2
end_of_record
TN:
SF:/Users/den/Documents/dev/dfile/crypto/storage-protocol/contracts/PoSAdmin.sol
FN:16,constructor
FN:20,onlyPoS
FN:25,changePoS
FNF:3
FNH:2
FNDA:15,constructor
FNDA:45,onlyPoS
FNDA:0,changePoS
DA:17,15
DA:21,45
DA:22,45
DA:26,0
DA:27,0
LF:5
LH:3
BRDA:21,1,0,45
BRDA:21,1,1,0
BRF:2
BRH:1
end_of_record
TN:
SF:/Users/den/Documents/dev/dfile/crypto/storage-protocol/contracts/ProofOfStorage.sol
FN:35,constructor
FN:40,isValidMerkleTreeProof
FN:74,isMatchDifficulty
FN:85,getBlockNumber
FN:90,getProof
FN:96,getBlockHash
FN:100,getDifficulty
FN:114,constructor
FN:118,getAvailableDeposit
FN:125,makeDeposit
FN:137,closeDeposit
FN:215,constructor
FN:223,setMaxDeposit
FN:227,changePaymentsVersion
FN:231,setNodeNFTAddress
FN:235,_updateNodeRank
FN:268,turnDebugMode
FN:309,setMinStorage
FN:316,updateBaseDifficulty
FN:324,invisibleMintGasToken
FN:335,changeSystemAddresses
FN:347,sendProof
FN:384,sendProofFrom
FN:451,_updateRootHash
FN:477,verifyFileProof
FN:502,_sendProofFrom
FN:569,getUserRewardInfo
FN:628,_takePay
FN:645,getUserRootHash
FN:657,_updateLastProofTime
FN:667,_updateLastRootHash
FNF:31
FNH:25
FNDA:8,constructor
FNDA:10,isValidMerkleTreeProof
FNDA:10,isMatchDifficulty
FNDA:11,getBlockNumber
FNDA:0,getProof
FNDA:0,getBlockHash
FNDA:0,getDifficulty
FNDA:8,constructor
FNDA:14,getAvailableDeposit
FNDA:14,makeDeposit
FNDA:1,closeDeposit
FNDA:8,constructor
FNDA:0,setMaxDeposit
FNDA:4,changePaymentsVersion
FNDA:4,setNodeNFTAddress
FNDA:10,_updateNodeRank
FNDA:4,turnDebugMode
FNDA:0,setMinStorage
FNDA:2,updateBaseDifficulty
FNDA:10,invisibleMintGasToken
FNDA:8,changeSystemAddresses
FNDA:0,sendProof
FNDA:10,sendProofFrom
FNDA:10,_updateRootHash
FNDA:10,verifyFileProof
FNDA:10,_sendProofFrom
FNDA:10,getUserRewardInfo
FNDA:10,_takePay
FNDA:10,getUserRootHash
FNDA:10,_updateLastProofTime
FNDA:1,_updateLastRootHash
DA:36,8
DA:44,10
DA:45,10
DA:46,80
DA:49,80
DA:50,70
DA:54,0
DA:57,0
DA:58,0
DA:62,10
DA:79,10
DA:80,10
DA:82,0
DA:86,11
DA:91,0
DA:92,0
DA:93,0
DA:97,0
DA:101,0
DA:115,8
DA:119,14
DA:120,12
DA:122,2
DA:128,14
DA:129,14
DA:130,14
DA:132,14
DA:133,14
DA:134,14
DA:138,1
DA:139,1
DA:216,8
DA:224,0
DA:228,4
DA:232,4
DA:236,10
DA:237,10
DA:238,10
DA:240,10
DA:242,10
DA:249,0
DA:256,10
DA:257,10
DA:262,0
DA:269,4
DA:310,0
DA:317,2
DA:325,10
DA:326,10
DA:336,8
DA:337,8
DA:357,0
DA:396,10
DA:398,0
DA:406,0
DA:414,10
DA:428,10
DA:434,10
DA:439,10
DA:458,10
DA:459,10
DA:460,10
DA:462,10
DA:465,10
DA:466,1
DA:487,10
DA:492,10
DA:499,10
DA:513,10
DA:519,10
DA:527,10
DA:528,10
DA:533,10
DA:537,10
DA:541,10
DA:550,10
DA:555,10
DA:577,10
DA:586,10
DA:588,10
DA:593,10
DA:594,0
DA:600,10
DA:601,10
DA:620,10
DA:622,10
DA:633,10
DA:634,0
DA:635,0
DA:637,10
DA:638,10
DA:650,10
DA:651,10
DA:660,10
DA:661,10
DA:674,1
DA:675,1
LF:97
LH:78
BRDA:49,1,0,70
BRDA:49,1,1,10
BRDA:50,2,0,0
BRDA:50,2,1,70
BRDA:56,3,0,0
BRDA:56,3,1,10
BRDA:57,4,0,0
BRDA:57,4,1,0
BRDA:79,5,0,10
BRDA:79,5,1,0
BRDA:119,6,0,12
BRDA:119,6,1,2
BRDA:130,7,0,14
BRDA:130,7,1,0
BRDA:236,8,0,10
BRDA:236,8,1,0
BRDA:242,9,0,0
BRDA:242,9,1,10
BRDA:269,10,0,0
BRDA:269,10,1,4
BRDA:396,11,0,0
BRDA:396,11,1,10
BRDA:406,12,0,0
BRDA:406,12,1,0
BRDA:462,13,0,10
BRDA:462,13,1,0
BRDA:465,14,0,1
BRDA:465,14,1,9
BRDA:487,15,0,10
BRDA:487,15,1,0
BRDA:513,16,0,10
BRDA:513,16,1,0
BRDA:533,17,0,10
BRDA:533,17,1,0
BRDA:537,18,0,10
BRDA:537,18,1,0
BRDA:541,19,0,10
BRDA:541,19,1,0
BRDA:550,20,0,10
BRDA:550,20,1,0
BRDA:577,21,0,10
BRDA:577,21,1,0
BRDA:593,22,0,0
BRDA:593,22,1,10
BRDA:600,23,0,10
BRDA:600,23,1,0
BRDA:633,24,0,0
BRDA:633,24,1,10
BRF:48
BRH:25
end_of_record
TN:
SF:/Users/den/Documents/dev/dfile/crypto/storage-protocol/contracts/Reward.sol
FN:28,constructor
FN:32,addReward
FNF:2
FNH:1
FNDA:4,constructor
FNDA:0,addReward
DA:29,4
DA:33,0
DA:34,0
DA:35,0
DA:36,0
DA:37,0
LF:6
LH:1
BRDA:33,1,0,0
BRDA:33,1,1,0
BRF:2
BRH:0
end_of_record
TN:
SF:/Users/den/Documents/dev/dfile/crypto/storage-protocol/contracts/StorageToken.sol
FN:56,_addFee
FN:61,calc_payout_fee
FN:66,toFeelessPayout
FN:70,change_fee_limit
FN:74,change_payout_fee
FN:78,change_payin_fee
FN:82,change_recipient_fee
FN:97,constructor
FN:102,changeTokenAddress
FN:105,_getDepositReturns
FN:110,_getWidthdrawithReturns
FN:114,feelessBalance
FN:118,getWidthdrawtReturns
FN:125,_deposit
FN:129,_depositByAddress
FN:139,_updatePairTokenBalance
FN:144,_closeAllDeposit
FN:148,_closeAllDeposiByAddresst
FN:159,_closePartOfDeposit
FN:163,_closePartOfDepositByAddress
FN:175,testMint
FN:180,testBurn
FN:185,distruct
FN:194,_collectFee
FNF:24
FNH:7
FNDA:0,_addFee
FNDA:0,calc_payout_fee
FNDA:0,toFeelessPayout
FNDA:0,change_fee_limit
FNDA:0,change_payout_fee
FNDA:0,change_payin_fee
FNDA:0,change_recipient_fee
FNDA:8,constructor
FNDA:8,changeTokenAddress
FNDA:14,_getDepositReturns
FNDA:1,_getWidthdrawithReturns
FNDA:1,feelessBalance
FNDA:0,getWidthdrawtReturns
FNDA:0,_deposit
FNDA:14,_depositByAddress
FNDA:0,_updatePairTokenBalance
FNDA:0,_closeAllDeposit
FNDA:1,_closeAllDeposiByAddresst
FNDA:0,_closePartOfDeposit
FNDA:0,_closePartOfDepositByAddress
FNDA:0,testMint
FNDA:0,testBurn
FNDA:0,distruct
FNDA:0,_collectFee
DA:57,0
DA:58,0
DA:62,0
DA:67,0
DA:71,0
DA:75,0
DA:76,0
DA:79,0
DA:80,0
DA:83,0
DA:84,0
DA:98,8
DA:103,8
DA:106,14
DA:107,14
DA:111,1
DA:112,1
DA:115,1
DA:119,0
DA:126,0
DA:130,14
DA:131,14
DA:132,14
DA:133,14
DA:134,14
DA:135,14
DA:136,14
DA:140,0
DA:141,0
DA:145,0
DA:149,1
DA:151,1
DA:152,1
DA:153,1
DA:154,1
DA:155,1
DA:156,1
DA:160,0
DA:165,0
DA:166,0
DA:167,0
DA:168,0
DA:169,0
DA:170,0
DA:176,0
DA:177,0
DA:181,0
DA:182,0
DA:186,0
DA:187,0
DA:188,0
DA:189,0
DA:191,0
DA:195,0
DA:196,0
DA:197,0
DA:198,0
LF:57
LH:21
BRDA:57,1,0,0
BRDA:57,1,1,0
BRDA:75,2,0,0
BRDA:75,2,1,0
BRDA:79,3,0,0
BRDA:79,3,1,0
BRDA:83,4,0,0
BRDA:83,4,1,0
BRDA:106,5,0,14
BRDA:106,5,1,0
BRDA:111,6,0,1
BRDA:111,6,1,0
BRDA:132,7,0,14
BRDA:132,7,1,0
BRDA:149,8,0,1
BRDA:149,8,1,0
BRDA:166,9,0,0
BRDA:166,9,1,0
BRDA:195,10,0,0
BRDA:195,10,1,0
BRF:20
BRH:4
end_of_record
TN:
SF:/Users/den/Documents/dev/dfile/crypto/storage-protocol/contracts/UserStorage.sol
FN:27,onlyPoS
FN:32,constructor
FN:37,changePoS
FN:42,getUserRootHash
FN:55,updateRootHash
FN:74,updateLastProofTime
FN:83,getPeriodFromLastProof
FNF:7
FNH:6
FNDA:11,onlyPoS
FNDA:8,constructor
FNDA:0,changePoS
FNDA:10,getUserRootHash
FNDA:1,updateRootHash
FNDA:10,updateLastProofTime
FNDA:10,getPeriodFromLastProof
DA:28,11
DA:29,11
DA:33,8
DA:34,8
DA:38,0
DA:39,0
DA:43,10
DA:56,1
DA:61,1
DA:62,1
DA:63,1
DA:65,1
DA:75,10
DA:84,10
LF:14
LH:12
BRDA:28,1,0,11
BRDA:28,1,1,0
BRDA:56,2,0,1
BRDA:56,2,1,0
BRF:4
BRH:2
end_of_record
